15.149235
11.011770
10.533651
14.380233
6.883690
5.555538
11.587175
7.063458
3.765513
9.520970
5.257945
8.552581
8.269474
12.271259
10.397594
8.441954
11.474674
10.793371
9.454454
13.920683
14.301449
2.756476
9.693346
8.306965
10.104841
11.688409
13.171576
8.745322
11.548517
11.882688
11.165025
11.498583
14.723247
9.336088
8.493466
17.014732
15.390844
6.757695
7.574850
7.473463
11.808257
6.459731
9.390501
8.972037
7.705351
4.969420
13.158021
9.453229
7.572118
9.598226
8.013100
7.086385
12.275172
10.096997
5.600139
9.832333
9.790523
11.186370
13.541204
9.404156
3.361759
12.344509
6.354059
9.616199
8.812395
12.763005
9.065394
9.475699
6.839605
10.030768
7.339146
15.676090
12.525758
8.767051
10.534472
12.826003
13.366546
8.631221
7.532473
8.108401
12.580604
9.419693
9.066923
9.155253
9.330939
11.826589
12.879599
11.932277
13.362801
6.468090
9.037780
7.624222
10.291281
15.906720
6.595703
8.210058
9.306127
11.342523
5.067659
8.099730
13.696491
13.242594
7.981516
12.610174
8.118919
9.976569
10.043476
10.572260
13.191768
12.485370
7.290095
13.380645
9.811339
8.888266
6.568376
13.650831
14.456090
3.696433
11.675186
9.153662
13.967927
9.882900
10.836551
10.756177
7.612064
3.407146
7.156298
9.858822
10.990821
16.458953
2.933120
11.362810
13.815118
7.246489
12.510221
8.260410
10.477408
13.866747
7.640280
6.869089
8.635552
12.488092
12.256550
3.210658
9.561918
9.725545
3.574838
9.210115
1.345270
2.736459
16.783071
7.211482
12.924958
8.020158
8.863472
6.398244
9.479932
13.719141
12.716484
12.580831
13.726195
10.228722
14.249995
11.234804
9.184528
4.990213
5.874201
4.259948
12.211525
8.923630
11.550806
11.532227
8.598131
4.724939
15.727209
12.586572
5.250281
10.884965
9.123302
10.589472
11.722687
8.771484
11.877080
15.550666
16.066089
14.746546
9.922387
6.168702
13.587887
8.073734
9.863924
8.219136
6.815286
12.076752
8.618624
7.475622
8.674995
7.119169
14.361412
15.552429
3.735555
10.619642
5.248020
14.030787
10.981743
6.706707
6.954576
12.932017
8.771800
15.439669
15.230327
10.305599
8.938694
10.270591
9.163760
7.754041
12.358432
11.868928
9.020541
7.924294
7.753000
7.133679
9.555833
8.676859
8.808787
6.898818
15.303185
4.492923
10.768612
7.544934
12.906995
12.434670
15.963519
8.879576
10.021627
11.076690
9.608361
8.781982
15.974215
9.837621
9.076521
14.002224
16.763930
15.700117
13.103039
11.591374
10.524217
7.586753
8.554054
7.221629
13.893123
8.302945
14.852367
9.469919
7.746020
13.293469
11.404130
15.445775
12.201333
9.460661
14.509733
6.485500
13.495801
11.855844
13.916838
12.996101
13.448952
8.883117
7.827682
8.843069
14.904232
9.990035
11.069705
12.795293
11.846107
12.270538
7.237989
9.075544
10.476628
8.542084
8.722555
4.733963
9.021740
4.490591
8.354818
12.519025
7.871242
12.053266
4.567299
7.525259
11.128180
8.841162
7.523513
7.902834
10.413968
10.300372
12.151399
14.806613
8.387835
13.779318
9.784863
13.273093
14.074550
14.919870
10.718378
6.054170
10.610745
12.149988
6.080388
10.666344
8.784038
15.265078
8.247725
7.627664
5.877095
9.612136
8.547715
11.163345
8.568022
11.246348
5.962295
14.768930
11.625061
10.592703
12.717865
5.645120
9.341106
13.378872
5.724406
8.835696
5.820080
7.488044
14.423903
3.819735
10.916301
9.059783
6.415563
10.795686
7.300361
7.616644
0.363040
8.899754
12.542795
5.330670
8.088935
11.432657
9.480242
8.477743
7.169145
5.807467
8.287032
4.607607
8.057448
12.298357
10.610429
15.122628
4.380247
9.167251
10.298612
9.482790
11.847636
11.610467
11.622709
15.471163
13.734657
12.195193
6.885806
11.551711
13.959677
11.998655
11.282188
9.823477
14.695578
13.039346
11.439300
9.711675
14.697226
8.598221
11.829408
17.183199
4.961783
13.620150
14.409551
8.955482
6.183578
9.640458
7.385019
12.589431
14.916090
11.802584
12.652968
11.531607
13.276598
7.956507
13.486888
9.271113
15.260143
12.692944
15.633940
7.771462
9.061397
14.249257
12.700716
10.161369
8.412643
11.417387
10.306152
8.991571
8.350149
9.024378
9.364923
14.121704
10.033108
10.882502
8.815378
12.928087
5.421085
4.510019
9.025010
11.902912
11.280919
17.383794
9.564962
5.209904
13.137320
11.485450
7.476897
8.956450
7.511158
13.124737
12.622678
10.762200
8.580434
8.072331
5.898394
5.836483
9.330407
6.824617
19.589652
4.399613
8.691042
7.366592
10.457002
9.979346
5.264813
7.522747
12.256903
10.810497
5.360149
12.715753
5.865042
11.024927
10.523690
10.214367
11.021426
15.297607
8.662818
8.587937
13.606181
12.464235
14.085200
8.493025
14.824001
10.621519
11.782199
8.162499
13.555164
15.444653
13.080189
9.152265
6.700544
10.971029
11.883139
11.444113
8.973105
12.135404
10.393426
8.329112
9.247711
7.049777
10.171418
11.484602
15.383674
11.968083
9.954700
14.205649
11.896353
6.740037
14.820639
8.430209
12.750814
11.570691
10.571639
12.608521
7.101548
9.564863
5.821333
9.140611
4.902494
10.894369
10.896682
7.478516
11.104319
6.810794
10.516020
6.961560
11.478923
7.097529
9.380461
8.004265
11.735073
11.472913
9.501442
5.831828
6.628533
11.467604
2.162724
9.458110
8.044922
5.836318
4.593724
11.902328
9.903112
10.152844
9.118995
7.096523
9.764718
5.484754
10.802845
13.395534
9.594876
12.067173
3.878912
12.904740
12.735086
11.700318
12.080590
6.989052
11.317059
11.173431
3.172194
13.335145
11.184420
8.092095
13.323649
8.689378
7.994844
7.423242
11.803522
8.837777
7.626662
8.001737
10.558247
8.376411
7.144141
7.437395
7.069393
9.017341
11.494692
8.562862
11.686076
11.369550
16.579992
8.438422
7.130197
12.692553
10.879438
6.680463
7.403036
16.059483
2.813856
10.584837
12.010217
6.132686
7.794448
9.031861
9.901462
8.293289
8.565780
8.744379
13.153523
9.566485
12.894906
13.261450
10.383645
8.369641
8.329450
8.570551
5.844584
17.351742
9.287090
13.385009
8.963025
4.472740
7.688351
9.808569
6.752709
8.246888
7.966078
10.736928
11.939096
11.554228
9.970049
10.955306
5.372214
8.504072
6.290280
11.755462
14.807785
8.877755
12.108870
9.987807
11.255313
10.829871
14.918102
8.935770
13.946570
2.222989
9.977019
9.047113
16.535722
13.383666
11.706600
10.721986
7.812397
10.574661
12.953336
9.304325
12.324936
8.698540
6.997869
4.588675
11.463131
10.539721
10.938567
6.778325
8.780157
7.679709
6.814517
8.251079
13.059471
12.945494
11.366103
10.807364
8.582764
10.000400
10.490809
11.324176
13.619255
12.249414
16.806738
12.074750
9.870638
17.226278
9.131050
11.610148
5.071497
8.436409
4.102581
10.621799
14.679315
9.549826
10.733379
8.486394
7.303275
13.792938
9.995191
5.294489
9.104972
13.162779
7.402689
8.902926
10.807806
16.504564
5.582457
10.780119
13.113395
11.311802
12.814062
10.524315
6.262294
5.119286
5.298671
10.023991
9.072680
15.930576
6.549982
14.924154
6.859862
8.995646
6.983832
10.308952
14.982988
16.713271
6.601244
11.467226
6.558440
10.665674
11.066942
10.943346
13.079786
12.526412
6.618804
8.690858
12.371577
5.958593
8.991898
13.770455
1.074825
7.406734
9.777858
10.267029
12.236256
9.378517
7.854961
11.117456
11.505988
5.030683
7.786678
8.933329
12.394311
11.829820
12.003839
12.264499
9.220200
12.805569
6.444546
9.860540
12.563201
13.624349
15.731725
8.561227
7.130729
9.422596
7.361577
11.091979
12.135412
13.160348
13.200115
9.203904
10.279240
8.687888
2.396962
8.108526
12.482264
14.062774
3.015991
11.484480
5.848747
8.775199
15.435703
7.081715
11.871092
15.708449
7.015682
7.798993
11.147584
10.266267
7.643001
4.976680
17.131174
13.783898
9.213628
8.101261
13.760382
11.816434
7.921516
9.483632
8.938471
7.346966
10.184993
1.785223
5.252932
10.274095
8.934474
10.203580
10.466121
6.790768
9.667439
11.062510
9.950737
10.098348
12.439463
8.820003
9.821696
6.395340
13.586448
12.389901
10.099116
5.306997
11.184545
10.434225
8.368915
10.124489
9.420788
5.382270
7.966275
12.823510
12.796334
8.073986
16.313654
15.768777
11.661685
4.515279
9.799253
9.526317
11.627157
5.126189
12.427814
9.583564
8.487652
8.984556
8.782812
11.422494
11.058912
13.225274
10.993970
10.262202
8.398107
6.863457
15.763799
2.705797
9.725434
8.218148
10.440331
10.764889
7.001065
10.346139
9.060038
13.003347
5.443315
12.900354
13.340039
12.548866
7.879860
6.851045
12.396075
9.625042
8.246790
6.469938
7.813262
11.878831
7.572581
6.147787
13.080012
7.495795
6.863438
10.887690
5.447501
15.159240
11.503035
8.101250
10.073618
6.560163
8.987084
10.996939
6.956042
6.906933
9.255269
11.317286
17.137871
14.081502
9.575142
9.615029
10.941653
7.427130
8.487652
1.178114
9.741172
11.022728
8.746576
9.485292
15.945804
10.488278
9.935498
8.571795
13.254480
12.129606
9.475455
5.094256
13.247131
8.253930
11.284370
7.636995
4.675175
9.458047
11.376294
12.488046
10.263734
8.881590
12.249049
11.302346
9.769657
9.257332
11.588038
7.356399
11.562098
12.140393
12.182830
7.652085
2.231809
10.711084
9.963897
10.780419
15.643169
10.870789
13.058235
11.071841
14.413392
8.990782
8.722579
9.837254
8.076357
11.228207
5.177000
15.100746
9.144078
8.908633
13.528707
12.694283
8.528062
4.973874
6.768688
13.045541
12.170139
9.421261
14.093085
8.600784
8.502418
7.780665
7.916745
11.891298
11.146788
11.169415
13.768352
8.666716
6.898988
5.078757
7.291283
15.522891
13.501414
9.725498
9.222132
12.794895
14.212657
12.304714
15.248051
14.327723
11.567289
8.478607
14.428989
14.822073
12.023802
4.329459
12.723068
7.895934
7.655197
5.970505
7.150865
13.039657
8.471056
9.140857
15.540044
12.383474
8.375034
9.771118
9.885995
8.670270
6.278727
13.786665
8.992563
8.405571
8.908254
12.725889
8.984655
7.301168
12.972584
10.339275
9.963737
12.875179
5.646138
10.914511
6.221581
10.344041
14.954303
9.506845
12.847901
4.440847
7.101212
11.560859
9.297599
7.623943
14.216542
11.458642
8.184716
9.606874
10.658600
7.151138
10.057676
4.380883
