\BOOKMARK [0][-]{chapter.1}{\376\377\000W\000e\000l\000c\000o\000m\000e\000!}{}% 1
\BOOKMARK [1][-]{section.1.1}{\376\377\000W\000h\000a\000t\000\040\000c\000a\000n\000\040\000y\000o\000u\000\040\000s\000e\000e\000?}{chapter.1}% 2
\BOOKMARK [1][-]{section.1.2}{\376\377\000F\000u\000t\000u\000r\000e\000\040\000p\000l\000a\000n\000n\000e\000d\000\040\000f\000e\000a\000t\000u\000r\000e\000s}{chapter.1}% 3
\BOOKMARK [1][-]{section.1.3}{\376\377\000D\000o\000c\000u\000m\000e\000n\000t\000a\000t\000i\000o\000n}{chapter.1}% 4
\BOOKMARK [1][-]{section.1.4}{\376\377\000D\000o\000w\000n\000l\000o\000a\000d\000\040\000b\000i\000n\000a\000r\000i\000e\000s\000\040\000-\000\040\000c\000l\000i\000c\000k\000-\000a\000n\000d\000-\000r\000u\000n}{chapter.1}% 5
\BOOKMARK [1][-]{section.1.5}{\376\377\000I\000n\000s\000t\000a\000l\000l\000i\000n\000g\000\040\000f\000r\000o\000m\000\040\000P\000y\000P\000I\000\040\000-\000\040\000s\000t\000a\000b\000l\000e\000,\000\040\000e\000n\000d\000-\000u\000s\000e\000r}{chapter.1}% 6
\BOOKMARK [1][-]{section.1.6}{\376\377\000D\000e\000p\000e\000n\000d\000e\000n\000c\000i\000e\000s}{chapter.1}% 7
\BOOKMARK [0][-]{chapter.2}{\376\377\000O\000v\000e\000r\000v\000i\000e\000w}{}% 8
\BOOKMARK [1][-]{section.2.1}{\376\377\000M\000a\000i\000n\000\040\000s\000c\000r\000e\000e\000n\000s}{chapter.2}% 9
\BOOKMARK [1][-]{section.2.2}{\376\377\0002\000D\000\040\000E\000d\000i\000t\000o\000r}{chapter.2}% 10
\BOOKMARK [1][-]{section.2.3}{\376\377\0003\000D\000\040\000V\000i\000e\000w}{chapter.2}% 11
\BOOKMARK [1][-]{section.2.4}{\376\377\000D\000a\000t\000a}{chapter.2}% 12
\BOOKMARK [0][-]{chapter.3}{\376\377\000H\000i\000s\000t\000o\000r\000y}{}% 13
\BOOKMARK [1][-]{section.3.1}{\376\377\000A\000\040\000b\000r\000i\000e\000f\000\040\000h\000i\000s\000t\000o\000r\000y\000\040\000o\000f\000\040\000t\000h\000i\000s\000\040\000u\000n\000i\000v\000e\000r\000s\000e}{chapter.3}% 14
\BOOKMARK [0][-]{chapter.4}{\376\377\000R\000e\000f\000e\000r\000e\000n\000c\000e}{}% 15
\BOOKMARK [1][-]{section.4.1}{\376\377\000e\000x\000a\000m\000p\000l\000e\000s}{chapter.4}% 16
\BOOKMARK [1][-]{section.4.2}{\376\377\000m\000r\000s\000p\000r\000i\000n\000t}{chapter.4}% 17
\BOOKMARK [1][-]{section.4.3}{\376\377\000s\000c\000r\000i\000p\000t\000s}{chapter.4}% 18
\BOOKMARK [0][-]{chapter.5}{\376\377\000D\000o\000w\000n\000l\000o\000a\000d\000s}{}% 19
\BOOKMARK [1][-]{section.5.1}{\376\377\000D\000o\000w\000n\000l\000o\000a\000d\000\040\000b\000i\000n\000a\000r\000i\000e\000s\000\040\000-\000\040\000c\000l\000i\000c\000k\000-\000a\000n\000d\000-\000r\000u\000n}{chapter.5}% 20
\BOOKMARK [1][-]{section.5.2}{\376\377\000D\000o\000c\000u\000m\000e\000n\000t\000a\000t\000i\000o\000n}{chapter.5}% 21
\BOOKMARK [0][-]{chapter.6}{\376\377\000C\000h\000a\000n\000g\000e\000l\000o\000g}{}% 22
\BOOKMARK [1][-]{section.6.1}{\376\377\000v\0001\000.\0002}{chapter.6}% 23
\BOOKMARK [1][-]{section.6.2}{\376\377\000v\0001\000.\0001}{chapter.6}% 24
\BOOKMARK [1][-]{section.6.3}{\376\377\000v\0001\000.\0000}{chapter.6}% 25
\BOOKMARK [1][-]{section.6.4}{\376\377\000v\0000\000.\0006}{chapter.6}% 26
\BOOKMARK [1][-]{section.6.5}{\376\377\000v\0000\000.\0005}{chapter.6}% 27
\BOOKMARK [1][-]{section.6.6}{\376\377\000v\0000\000.\0004}{chapter.6}% 28
\BOOKMARK [1][-]{section.6.7}{\376\377\000v\0000\000.\0003}{chapter.6}% 29
\BOOKMARK [1][-]{section.6.8}{\376\377\000v\0000\000.\0002}{chapter.6}% 30
\BOOKMARK [1][-]{section.6.9}{\376\377\000v\0000\000.\0001}{chapter.6}% 31
\BOOKMARK [0][-]{chapter.7}{\376\377\000A\000u\000t\000h\000o\000r\000s}{}% 32
\BOOKMARK [0][-]{chapter.8}{\376\377\000L\000i\000c\000e\000n\000s\000e}{}% 33
\BOOKMARK [1][-]{section.8.1}{\376\377\000C\000o\000d\000e\000\040\000-\000\040\000T\000h\000e\000\040\000M\000I\000T\000\040\000L\000i\000c\000e\000n\000s\000e}{chapter.8}% 34
\BOOKMARK [1][-]{section.8.2}{\376\377\000I\000m\000a\000g\000e\000s\000\040\000-\000\040\000C\000r\000e\000a\000t\000i\000v\000e\000\040\000C\000o\000m\000m\000o\000n\000s\000\040\000A\000t\000t\000r\000i\000b\000u\000t\000i\000o\000n\000\040\000I\000n\000t\000e\000r\000n\000a\000t\000i\000o\000n\000a\000l\000\040\0004\000.\0000}{chapter.8}% 35
\BOOKMARK [0][-]{chapter.9}{\376\377\000I\000n\000d\000i\000c\000e\000s\000\040\000a\000n\000d\000\040\000t\000a\000b\000l\000e\000s}{}% 36
\BOOKMARK [0][-]{section*.146}{\376\377\000P\000y\000t\000h\000o\000n\000\040\000M\000o\000d\000u\000l\000e\000\040\000I\000n\000d\000e\000x}{}% 37
\BOOKMARK [0][-]{section*.147}{\376\377\000I\000n\000d\000e\000x}{}% 38
