This file contains any messages produced by compilers while
running configure, to aid debugging if configure makes a mistake.

It was created by meme configure 4.6.0, which was
generated by GNU Autoconf 2.59.  Invocation command line was

  $ ./configure 

## --------- ##
## Platform. ##
## --------- ##

hostname = gimme
uname -m = x86_64
uname -r = 4.15.0-20-generic
uname -s = Linux
uname -v = #21-Ubuntu SMP Tue Apr 24 06:16:15 UTC 2018

/usr/bin/uname -p = unknown
/bin/uname -X     = unknown

/bin/arch              = unknown
/usr/bin/arch -k       = unknown
/usr/convex/getsysinfo = unknown
hostinfo               = unknown
/bin/machine           = unknown
/usr/bin/oslevel       = unknown
/bin/universe          = unknown

PATH: /home/simon/anaconda2/envs/gimme3/bin
PATH: /home/simon/bin/homer/bin
PATH: /home/simon/anaconda2/bin
PATH: /usr/local/sbin
PATH: /usr/local/bin
PATH: /usr/sbin
PATH: /usr/bin
PATH: /sbin
PATH: /bin
PATH: /usr/games
PATH: /usr/local/games
PATH: /snap/bin
PATH: /home/simon/.rvm/bin
PATH: /home/simon/bin
PATH: /home/simon/.rvm/bin
PATH: .
PATH: /home/simon/.bds


## ----------- ##
## Core tests. ##
## ----------- ##

configure:1575: checking for a BSD-compatible install
configure:1630: result: /usr/bin/install -c
configure:1641: checking whether build environment is sane

## ---------------- ##
## Cache variables. ##
## ---------------- ##

ac_cv_env_CC_set=
ac_cv_env_CC_value=
ac_cv_env_CFLAGS_set=
ac_cv_env_CFLAGS_value=
ac_cv_env_CPPFLAGS_set=
ac_cv_env_CPPFLAGS_value=
ac_cv_env_CPP_set=
ac_cv_env_CPP_value=
ac_cv_env_CXXCPP_set=
ac_cv_env_CXXCPP_value=
ac_cv_env_CXXFLAGS_set=
ac_cv_env_CXXFLAGS_value=
ac_cv_env_CXX_set=
ac_cv_env_CXX_value=
ac_cv_env_F77_set=
ac_cv_env_F77_value=
ac_cv_env_FFLAGS_set=
ac_cv_env_FFLAGS_value=
ac_cv_env_LDFLAGS_set=
ac_cv_env_LDFLAGS_value=
ac_cv_env_build_alias_set=
ac_cv_env_build_alias_value=
ac_cv_env_host_alias_set=
ac_cv_env_host_alias_value=
ac_cv_env_target_alias_set=
ac_cv_env_target_alias_value=
ac_cv_path_install='/usr/bin/install -c'

## ----------------- ##
## Output variables. ##
## ----------------- ##

ACLOCAL=''
AMDEPBACKSLASH=''
AMDEP_FALSE=''
AMDEP_TRUE=''
AMTAR=''
ANT=''
AR=''
AUTOCONF=''
AUTOHEADER=''
AUTOMAKE=''
AWK=''
BLOCKS_URL=''
BUILD_LIBXML2_FALSE=''
BUILD_LIBXML2_TRUE=''
BUILD_LIBXSLT_FALSE=''
BUILD_LIBXSLT_TRUE=''
CC=''
CCDEPMODE=''
CFLAGS=''
CONTACT=''
CONVERT=''
CPP=''
CPPFLAGS=''
CXX=''
CXXCPP=''
CXXDEPMODE=''
CXXFLAGS=''
CYGPATH_W=''
DEBUG_FLAGS=''
DEFS=''
DEPDIR=''
DOT=''
ECHO='echo'
ECHO_C=''
ECHO_N='-n'
ECHO_T=''
EGREP=''
EXEEXT=''
F77=''
FFLAGS=''
GHOSTSCRIPT=''
GOSERVER_URL=''
HOSTNAME='gimme'
INSTALL_DATA='${INSTALL} -m 644'
INSTALL_PROGRAM='${INSTALL}'
INSTALL_SCRIPT='${INSTALL}'
INSTALL_STRIP_PROGRAM=''
LAMBIN=''
LD=''
LDFLAGS=''
LIBOBJS=''
LIBS=''
LIBTOOL=''
LIBXML2_CFLAGS=''
LIBXML2_LIBS=''
LIBXSLT_CFLAGS=''
LIBXSLT_LIBS=''
LN_S=''
LTLIBOBJS=''
MACHID=''
MAIL=''
MAKEINFO=''
MAST_PORT=''
MAXTIME=''
MEME_DB=''
MEME_DIRECTORY=''
MEME_LOGS=''
MEME_PORT=''
METAMEME_EXTERNAL_FALSE=''
METAMEME_EXTERNAL_TRUE=''
MPICC=''
MPIFLAGS=''
MPIINC=''
MPILIBDIR=''
MPITYPE=''
MPI_CMD=''
OBJEXT=''
OPAL_URL=''
OPAL_XML=''
OPT_FLAGS=''
PACKAGE=''
PACKAGE_BUGREPORT=''
PACKAGE_NAME='meme'
PACKAGE_STRING='meme 4.6.0'
PACKAGE_TARNAME='meme'
PACKAGE_VERSION='4.6.0'
PARALLEL_FALSE=''
PARALLEL_IS_LAM_FALSE=''
PARALLEL_IS_LAM_TRUE=''
PARALLEL_TRUE=''
PATH_SEPARATOR=':'
PERL=''
PYTHON=''
RANLIB=''
SED=''
SENDMAIL=''
SET_MAKE=''
SHELL='/bin/bash'
STRIP=''
URL=''
VERSION=''
WANT_STRLCPY_FALSE=''
WANT_STRLCPY_TRUE=''
WEBDIR=''
WEBSERVICE=''
WEBSERVICE_FALSE=''
WEBSERVICE_TRUE=''
WEBSITE_FALSE=''
WEBSITE_TRUE=''
XML2_CONFIG=''
XSLT_CONFIG=''
ac_ct_AR=''
ac_ct_CC=''
ac_ct_CXX=''
ac_ct_F77=''
ac_ct_RANLIB=''
ac_ct_STRIP=''
am__fastdepCC_FALSE=''
am__fastdepCC_TRUE=''
am__fastdepCXX_FALSE=''
am__fastdepCXX_TRUE=''
am__include=''
am__leading_dot=''
am__quote=''
am__tar=''
am__untar=''
bindir='${exec_prefix}/bin'
build=''
build_alias=''
build_cpu=''
build_os=''
build_vendor=''
datadir='${prefix}/share'
exec_prefix='NONE'
host=''
host_alias=''
host_cpu=''
host_os=''
host_vendor=''
includedir='${prefix}/include'
infodir='${prefix}/info'
install_sh=''
libdir='${exec_prefix}/lib'
libexecdir='${exec_prefix}/libexec'
localstatedir='${prefix}/var'
mandir='${prefix}/man'
mkdir_p=''
oldincludedir='/usr/include'
prefix='NONE'
program_transform_name='s,x,x,'
sbindir='${exec_prefix}/sbin'
sharedstatedir='${prefix}/com'
sysconfdir='${prefix}/etc'
target_alias=''

## ----------- ##
## confdefs.h. ##
## ----------- ##

#define PACKAGE_BUGREPORT ""
#define PACKAGE_NAME "meme"
#define PACKAGE_STRING "meme 4.6.0"
#define PACKAGE_TARNAME "meme"
#define PACKAGE_VERSION "4.6.0"

configure: caught signal 2
configure: exit 1
