Time,	Thread,	Level,	Source,	Logger,	Message,	Exception
2018-07-11T08:47:14.1638938Z, 1, Operations, Server, Raven.Server.Program,  Build 41, Version 4.1, SemVer 4.1.0-nightly-20180702-0430, Commit 3d3d3bf
 PID 15396, 64 bits, 8 Cores, Arch: X64
 31.832 GBytes Physical Memory, 19.779 GBytes Available Memory
 Using GC in server concurrent mode retaining memory from the OS.
2018-07-11T08:47:20.4072730Z, 8, Operations, A, Raven.Server.ServerWide.Maintenance.ClusterObserver, None of 'Test' database nodes are responding to the supervisor, the database is unreachable.
2018-07-11T08:47:20.9031969Z, 15, Operations, A, Raven.Server.ServerWide.Maintenance.ClusterObserver, None of 'Test' database nodes are responding to the supervisor, the database is unreachable.
2018-07-11T08:47:21.4046511Z, 16, Operations, A, Raven.Server.ServerWide.Maintenance.ClusterObserver, None of 'Test' database nodes are responding to the supervisor, the database is unreachable.
2018-07-11T08:47:21.8996401Z, 9, Operations, A, Raven.Server.ServerWide.Maintenance.ClusterObserver, None of 'Test' database nodes are responding to the supervisor, the database is unreachable.
2018-07-11T08:47:22.3993849Z, 24, Operations, A, Raven.Server.ServerWide.Maintenance.ClusterObserver, None of 'Test' database nodes are responding to the supervisor, the database is unreachable.
2018-07-11T08:47:22.8956354Z, 24, Operations, A, Raven.Server.ServerWide.Maintenance.ClusterObserver, None of 'Test' database nodes are responding to the supervisor, the database is unreachable.
2018-07-11T08:47:23.3988599Z, 15, Operations, A, Raven.Server.ServerWide.Maintenance.ClusterObserver, None of 'Test' database nodes are responding to the supervisor, the database is unreachable.
2018-07-11T08:47:23.9009298Z, 15, Operations, A, Raven.Server.ServerWide.Maintenance.ClusterObserver, None of 'Test' database nodes are responding to the supervisor, the database is unreachable.
2018-07-11T08:47:24.4183365Z, 16, Operations, A, Raven.Server.ServerWide.Maintenance.ClusterObserver, None of 'Test' database nodes are responding to the supervisor, the database is unreachable.
2018-07-11T08:47:24.8987177Z, 17, Operations, A, Raven.Server.ServerWide.Maintenance.ClusterObserver, None of 'Test' database nodes are responding to the supervisor, the database is unreachable.
2018-07-11T08:47:25.3999611Z, 18, Operations, A, Raven.Server.ServerWide.Maintenance.ClusterObserver, None of 'Test' database nodes are responding to the supervisor, the database is unreachable.
2018-07-11T08:47:25.9025662Z, 13, Operations, A, Raven.Server.ServerWide.Maintenance.ClusterObserver, None of 'Test' database nodes are responding to the supervisor, the database is unreachable.
2018-07-11T08:47:26.4027758Z, 28, Operations, A, Raven.Server.ServerWide.Maintenance.ClusterObserver, None of 'Test' database nodes are responding to the supervisor, the database is unreachable.
2018-07-11T08:47:26.8970030Z, 30, Operations, A, Raven.Server.ServerWide.Maintenance.ClusterObserver, None of 'Test' database nodes are responding to the supervisor, the database is unreachable.
2018-07-11T08:47:27.3979133Z, 24, Operations, A, Raven.Server.ServerWide.Maintenance.ClusterObserver, None of 'Test' database nodes are responding to the supervisor, the database is unreachable.
2018-07-11T08:47:27.9016188Z, 18, Operations, A, Raven.Server.ServerWide.Maintenance.ClusterObserver, None of 'Test' database nodes are responding to the supervisor, the database is unreachable.
2018-07-11T08:47:28.4010066Z, 13, Operations, A, Raven.Server.ServerWide.Maintenance.ClusterObserver, None of 'Test' database nodes are responding to the supervisor, the database is unreachable.
2018-07-11T08:47:28.9010117Z, 13, Operations, A, Raven.Server.ServerWide.Maintenance.ClusterObserver, None of 'Test' database nodes are responding to the supervisor, the database is unreachable.
2018-07-11T08:47:29.3974699Z, 25, Operations, A, Raven.Server.ServerWide.Maintenance.ClusterObserver, None of 'Test' database nodes are responding to the supervisor, the database is unreachable.
2018-07-11T08:47:29.8956199Z, 41, Operations, A, Raven.Server.ServerWide.Maintenance.ClusterObserver, None of 'Test' database nodes are responding to the supervisor, the database is unreachable.
2018-07-11T08:47:30.3983954Z, 42, Operations, A, Raven.Server.ServerWide.Maintenance.ClusterObserver, None of 'Test' database nodes are responding to the supervisor, the database is unreachable.
2018-07-11T08:47:30.8997201Z, 17, Operations, A, Raven.Server.ServerWide.Maintenance.ClusterObserver, None of 'Test' database nodes are responding to the supervisor, the database is unreachable.
2018-07-11T08:47:31.4016824Z, 24, Operations, A, Raven.Server.ServerWide.Maintenance.ClusterObserver, None of 'Test' database nodes are responding to the supervisor, the database is unreachable.
2018-07-11T08:47:31.8985549Z, 44, Operations, A, Raven.Server.ServerWide.Maintenance.ClusterObserver, None of 'Test' database nodes are responding to the supervisor, the database is unreachable.
2018-07-11T08:47:32.3968873Z, 44, Operations, A, Raven.Server.ServerWide.Maintenance.ClusterObserver, None of 'Test' database nodes are responding to the supervisor, the database is unreachable.
2018-07-11T08:47:32.8981706Z, 44, Operations, A, Raven.Server.ServerWide.Maintenance.ClusterObserver, None of 'Test' database nodes are responding to the supervisor, the database is unreachable.
2018-07-11T08:47:33.3965164Z, 25, Operations, A, Raven.Server.ServerWide.Maintenance.ClusterObserver, None of 'Test' database nodes are responding to the supervisor, the database is unreachable.
2018-07-11T08:47:33.8967047Z, 30, Operations, A, Raven.Server.ServerWide.Maintenance.ClusterObserver, None of 'Test' database nodes are responding to the supervisor, the database is unreachable.
