  131.9    82.5
  243.1    82.8
  113.7    78.4
  326.0    67.9
  279.9    68.1
  251.3    61.9
   78.4    40.3
   89.4    71.7
  131.0    75.9
  126.4    75.1
   40.7    72.3
  263.6    71.9
  206.2    81.6
  244.6    76.3
  101.4    72.9
  138.1    63.7
  115.3    62.6
  356.3    70.0
  319.3    52.1
   11.5    71.4
  186.2    77.6
  348.2    66.3
   33.1    64.9
   15.6    80.6
  208.1    78.5
  208.6    73.7
  260.8    63.2
  162.8    77.8
  268.5    65.6
  183.5    78.0
   73.0    73.3
  114.1    82.9
  159.1    69.3
  299.3    85.8
   33.9    79.4
  120.2    86.3
  336.1    79.0
  214.2    86.6
  108.3    73.8
  248.0    72.2
  309.1    78.8
   32.0    65.9
   52.1    72.6
    0.6    63.3
   75.7    86.7
  311.9    71.7
   83.9    68.6
  112.0    69.8
  305.0    67.2
   54.8    86.3
  175.7    64.9
  126.0    67.3
  153.6    70.6
  274.4    62.8
   25.0    74.4
  259.3    69.9
  353.3    65.5
   70.9    76.0
  254.8    68.8
  246.2    58.3
  346.2    84.3
  117.5    74.9
  114.5    68.0
   68.1    70.0
  284.4    69.9
  111.1    68.3
  336.0    70.3
  252.5    65.5
  342.4    71.4
  200.6    58.1
  119.9    75.1
  199.4    71.5
  177.1    83.6
  343.9    63.6
  157.0    79.7
  292.6    53.5
   62.2    75.5
   58.2    62.3
   31.5    73.1
  156.2    78.4
  347.1    75.8
   79.1    60.9
  222.0    81.2
  261.9    78.7
    2.1    77.8
  101.3    68.4
  200.7    82.3
  332.7    83.5
   94.2    81.9
  219.5    82.4
  144.1    79.9
  225.1    66.2
   81.3    85.0
  123.4    83.8
  245.3    66.6
   65.6    67.1
   32.2    81.4
  352.9    74.5
  206.7    64.7
  222.0    70.3
