This is pdfTeX, Version 3.14159265-2.6-1.40.19 (MiKTeX 2.9.6630 64-bit) (preloaded format=pdflatex 2018.6.18)  27 JUN 2018 14:00
entering extended mode
**./Manual.tex
(Manual.tex
LaTeX2e <2017-04-15>
Babel <3.18> and hyphenation patterns for 75 language(s) loaded.

("C:\Users\nscheirer\AppData\Local\Programs\MiKTeX 2.9\tex\latex\base\article.c
ls"
Document Class: article 2014/09/29 v1.4h Standard LaTeX document class

("C:\Users\nscheirer\AppData\Local\Programs\MiKTeX 2.9\tex\latex\base\size10.cl
o"
File: size10.clo 2014/09/29 v1.4h Standard LaTeX file (size option)
)
\c@part=\count79
\c@section=\count80
\c@subsection=\count81
\c@subsubsection=\count82
\c@paragraph=\count83
\c@subparagraph=\count84
\c@figure=\count85
\c@table=\count86
\abovecaptionskip=\skip41
\belowcaptionskip=\skip42
\bibindent=\dimen102
)
("C:\Users\nscheirer\AppData\Local\Programs\MiKTeX 2.9\tex\latex\tools\multicol
.sty"
Package: multicol 2017/04/11 v1.8q multicolumn formatting (FMi)
\c@tracingmulticols=\count87
\mult@box=\box26
\multicol@leftmargin=\dimen103
\c@unbalance=\count88
\c@collectmore=\count89
\doublecol@number=\count90
\multicoltolerance=\count91
\multicolpretolerance=\count92
\full@width=\dimen104
\page@free=\dimen105
\premulticols=\dimen106
\postmulticols=\dimen107
\multicolsep=\skip43
\multicolbaselineskip=\skip44
\partial@page=\box27
\last@line=\box28
\maxbalancingoverflow=\dimen108
\mult@rightbox=\box29
\mult@grightbox=\box30
\mult@gfirstbox=\box31
\mult@firstbox=\box32
\@tempa=\box33
\@tempa=\box34
\@tempa=\box35
\@tempa=\box36
\@tempa=\box37
\@tempa=\box38
\@tempa=\box39
\@tempa=\box40
\@tempa=\box41
\@tempa=\box42
\@tempa=\box43
\@tempa=\box44
\@tempa=\box45
\@tempa=\box46
\@tempa=\box47
\@tempa=\box48
\@tempa=\box49
\c@columnbadness=\count93
\c@finalcolumnbadness=\count94
\last@try=\dimen109
\multicolovershoot=\dimen110
\multicolundershoot=\dimen111
\mult@nat@firstbox=\box50
\colbreak@box=\box51
\mc@col@check@num=\count95
)
("C:\Users\nscheirer\AppData\Local\Programs\MiKTeX 2.9\tex\latex\graphics\graph
icx.sty"
Package: graphicx 2017/06/01 v1.1a Enhanced LaTeX Graphics (DPC,SPQR)

("C:\Users\nscheirer\AppData\Local\Programs\MiKTeX 2.9\tex\latex\graphics\keyva
l.sty"
Package: keyval 2014/10/28 v1.15 key=value parser (DPC)
\KV@toks@=\toks14
)
("C:\Users\nscheirer\AppData\Local\Programs\MiKTeX 2.9\tex\latex\graphics\graph
ics.sty"
Package: graphics 2017/06/25 v1.2c Standard LaTeX Graphics (DPC,SPQR)

("C:\Users\nscheirer\AppData\Local\Programs\MiKTeX 2.9\tex\latex\graphics\trig.
sty"
Package: trig 2016/01/03 v1.10 sin cos tan (DPC)
)
("C:\Users\nscheirer\AppData\Local\Programs\MiKTeX 2.9\tex\latex\graphics-cfg\g
raphics.cfg"
File: graphics.cfg 2016/06/04 v1.11 sample graphics configuration
)
Package graphics Info: Driver file: pdftex.def on input line 99.

("C:\Users\nscheirer\AppData\Local\Programs\MiKTeX 2.9\tex\latex\graphics-def\p
dftex.def"
File: pdftex.def 2018/01/08 v1.0l Graphics/color driver for pdftex
))
\Gin@req@height=\dimen112
\Gin@req@width=\dimen113
)
("C:\Users\nscheirer\AppData\Local\Programs\MiKTeX 2.9\tex\latex\geometry\geome
try.sty"
Package: geometry 2010/09/12 v5.6 Page Geometry

("C:\Users\nscheirer\AppData\Local\Programs\MiKTeX 2.9\tex\generic\oberdiek\ifp
df.sty"
Package: ifpdf 2017/03/15 v3.2 Provides the ifpdf switch
)
("C:\Users\nscheirer\AppData\Local\Programs\MiKTeX 2.9\tex\generic\oberdiek\ifv
tex.sty"
Package: ifvtex 2016/05/16 v1.6 Detect VTeX and its facilities (HO)
Package ifvtex Info: VTeX not detected.
)
("C:\Users\nscheirer\AppData\Local\Programs\MiKTeX 2.9\tex\generic\ifxetex\ifxe
tex.sty"
Package: ifxetex 2010/09/12 v0.6 Provides ifxetex conditional
)
\Gm@cnth=\count96
\Gm@cntv=\count97
\c@Gm@tempcnt=\count98
\Gm@bindingoffset=\dimen114
\Gm@wd@mp=\dimen115
\Gm@odd@mp=\dimen116
\Gm@even@mp=\dimen117
\Gm@layoutwidth=\dimen118
\Gm@layoutheight=\dimen119
\Gm@layouthoffset=\dimen120
\Gm@layoutvoffset=\dimen121
\Gm@dimlist=\toks15

("C:\Users\nscheirer\AppData\Local\Programs\MiKTeX 2.9\tex\latex\geometry\geome
try.cfg")) (wrapfig.sty
\wrapoverhang=\dimen122
\WF@size=\dimen123
\c@WF@wrappedlines=\count99
\WF@box=\box52
\WF@everypar=\toks16
Package: wrapfig 2003/01/31  v 3.6
)
("C:\Users\nscheirer\AppData\Local\Programs\MiKTeX 2.9\tex\latex\url\url.sty"
\Urlmuskip=\muskip10
Package: url 2013/09/16  ver 3.4  Verb mode for urls, etc.
)
("C:\Users\nscheirer\AppData\Local\Programs\MiKTeX 2.9\tex\latex\hyperref\hyper
ref.sty"
Package: hyperref 2018/02/06 v6.86b Hypertext links for LaTeX

("C:\Users\nscheirer\AppData\Local\Programs\MiKTeX 2.9\tex\generic\oberdiek\hob
sub-hyperref.sty"
Package: hobsub-hyperref 2016/05/16 v1.14 Bundle oberdiek, subset hyperref (HO)


("C:\Users\nscheirer\AppData\Local\Programs\MiKTeX 2.9\tex\generic\oberdiek\hob
sub-generic.sty"
Package: hobsub-generic 2016/05/16 v1.14 Bundle oberdiek, subset generic (HO)
Package: hobsub 2016/05/16 v1.14 Construct package bundles (HO)
Package: infwarerr 2016/05/16 v1.4 Providing info/warning/error messages (HO)
Package: ltxcmds 2016/05/16 v1.23 LaTeX kernel commands for general use (HO)
Package: ifluatex 2016/05/16 v1.4 Provides the ifluatex switch (HO)
Package ifluatex Info: LuaTeX not detected.
Package hobsub Info: Skipping package `ifvtex' (already loaded).
Package: intcalc 2016/05/16 v1.2 Expandable calculations with integers (HO)
Package hobsub Info: Skipping package `ifpdf' (already loaded).
Package: etexcmds 2016/05/16 v1.6 Avoid name clashes with e-TeX commands (HO)
Package etexcmds Info: Could not find \expanded.
(etexcmds)             That can mean that you are not using pdfTeX 1.50 or
(etexcmds)             that some package has redefined \expanded.
(etexcmds)             In the latter case, load this package earlier.
Package: kvsetkeys 2016/05/16 v1.17 Key value parser (HO)
Package: kvdefinekeys 2016/05/16 v1.4 Define keys (HO)
Package: pdftexcmds 2018/01/21 v0.26 Utility functions of pdfTeX for LuaTeX (HO
)
Package pdftexcmds Info: LuaTeX not detected.
Package pdftexcmds Info: \pdf@primitive is available.
Package pdftexcmds Info: \pdf@ifprimitive is available.
Package pdftexcmds Info: \pdfdraftmode found.
Package: pdfescape 2016/05/16 v1.14 Implements pdfTeX's escape features (HO)
Package: bigintcalc 2016/05/16 v1.4 Expandable calculations on big integers (HO
)
Package: bitset 2016/05/16 v1.2 Handle bit-vector datatype (HO)
Package: uniquecounter 2016/05/16 v1.3 Provide unlimited unique counter (HO)
)
Package hobsub Info: Skipping package `hobsub' (already loaded).
Package: letltxmacro 2016/05/16 v1.5 Let assignment for LaTeX macros (HO)
Package: hopatch 2016/05/16 v1.3 Wrapper for package hooks (HO)
Package: xcolor-patch 2016/05/16 xcolor patch
Package: atveryend 2016/05/16 v1.9 Hooks at the very end of document (HO)
Package atveryend Info: \enddocument detected (standard20110627).
Package: atbegshi 2016/06/09 v1.18 At begin shipout hook (HO)
Package: refcount 2016/05/16 v3.5 Data extraction from label references (HO)
Package: hycolor 2016/05/16 v1.8 Color options for hyperref/bookmark (HO)
)
("C:\Users\nscheirer\AppData\Local\Programs\MiKTeX 2.9\tex\latex\oberdiek\auxho
ok.sty"
Package: auxhook 2016/05/16 v1.4 Hooks for auxiliary files (HO)
)
("C:\Users\nscheirer\AppData\Local\Programs\MiKTeX 2.9\tex\latex\oberdiek\kvopt
ions.sty"
Package: kvoptions 2016/05/16 v3.12 Key value format for package options (HO)
)
\@linkdim=\dimen124
\Hy@linkcounter=\count100
\Hy@pagecounter=\count101

("C:\Users\nscheirer\AppData\Local\Programs\MiKTeX 2.9\tex\latex\hyperref\pd1en
c.def"
File: pd1enc.def 2018/02/06 v6.86b Hyperref: PDFDocEncoding definition (HO)
)
\Hy@SavedSpaceFactor=\count102

("C:\Users\nscheirer\AppData\Local\Programs\MiKTeX 2.9\tex\latex\00miktex\hyper
ref.cfg"
File: hyperref.cfg 2002/06/06 v1.2 hyperref configuration of TeXLive
)
Package hyperref Info: Hyper figures OFF on input line 4509.
Package hyperref Info: Link nesting OFF on input line 4514.
Package hyperref Info: Hyper index ON on input line 4517.
Package hyperref Info: Plain pages OFF on input line 4524.
Package hyperref Info: Backreferencing OFF on input line 4529.
Package hyperref Info: Implicit mode ON; LaTeX internals redefined.
Package hyperref Info: Bookmarks ON on input line 4762.
\c@Hy@tempcnt=\count103
LaTeX Info: Redefining \url on input line 5115.
\XeTeXLinkMargin=\dimen125
\Fld@menulength=\count104
\Field@Width=\dimen126
\Fld@charsize=\dimen127
Package hyperref Info: Hyper figures OFF on input line 6369.
Package hyperref Info: Link nesting OFF on input line 6374.
Package hyperref Info: Hyper index ON on input line 6377.
Package hyperref Info: backreferencing OFF on input line 6384.
Package hyperref Info: Link coloring OFF on input line 6389.
Package hyperref Info: Link coloring with OCG OFF on input line 6394.
Package hyperref Info: PDF/A mode OFF on input line 6399.
LaTeX Info: Redefining \ref on input line 6439.
LaTeX Info: Redefining \pageref on input line 6443.
\Hy@abspage=\count105
\c@Item=\count106
\c@Hfootnote=\count107
)
Package hyperref Info: Driver (autodetected): hpdftex.

("C:\Users\nscheirer\AppData\Local\Programs\MiKTeX 2.9\tex\latex\hyperref\hpdft
ex.def"
File: hpdftex.def 2018/02/06 v6.86b Hyperref driver for pdfTeX
\Fld@listcount=\count108
\c@bookmark@seq@number=\count109

("C:\Users\nscheirer\AppData\Local\Programs\MiKTeX 2.9\tex\latex\oberdiek\rerun
filecheck.sty"
Package: rerunfilecheck 2016/05/16 v1.8 Rerun checks for auxiliary files (HO)
Package uniquecounter Info: New unique counter `rerunfilecheck' on input line 2
82.
)
\Hy@SectionHShift=\skip45
)
("C:\Users\nscheirer\AppData\Local\Programs\MiKTeX 2.9\tex\latex\listings\listi
ngs.sty"
\lst@mode=\count110
\lst@gtempboxa=\box53
\lst@token=\toks17
\lst@length=\count111
\lst@currlwidth=\dimen128
\lst@column=\count112
\lst@pos=\count113
\lst@lostspace=\dimen129
\lst@width=\dimen130
\lst@newlines=\count114
\lst@lineno=\count115
\lst@maxwidth=\dimen131

("C:\Users\nscheirer\AppData\Local\Programs\MiKTeX 2.9\tex\latex\listings\lstmi
sc.sty"
File: lstmisc.sty 2015/06/04 1.6 (Carsten Heinz)
\c@lstnumber=\count116
\lst@skipnumbers=\count117
\lst@framebox=\box54
)
("C:\Users\nscheirer\AppData\Local\Programs\MiKTeX 2.9\tex\latex\listings\listi
ngs.cfg"
File: listings.cfg 2015/06/04 1.6 listings configuration
))
Package: listings 2015/06/04 1.6 (Carsten Heinz)

("C:\Users\nscheirer\AppData\Local\Programs\MiKTeX 2.9\tex\latex\graphics\color
.sty"
Package: color 2016/07/10 v1.1e Standard LaTeX Color (DPC)

("C:\Users\nscheirer\AppData\Local\Programs\MiKTeX 2.9\tex\latex\graphics-cfg\c
olor.cfg"
File: color.cfg 2016/01/02 v1.6 sample color configuration
)
Package color Info: Driver file: pdftex.def on input line 147.
)
("C:\Users\nscheirer\AppData\Local\Programs\MiKTeX 2.9\tex\latex\listings\lstla
ng1.sty"
File: lstlang1.sty 2015/06/04 1.6 listings language file
) (Manual.aux)
\openout1 = `Manual.aux'.

LaTeX Font Info:    Checking defaults for OML/cmm/m/it on input line 52.
LaTeX Font Info:    ... okay on input line 52.
LaTeX Font Info:    Checking defaults for T1/cmr/m/n on input line 52.
LaTeX Font Info:    ... okay on input line 52.
LaTeX Font Info:    Checking defaults for OT1/cmr/m/n on input line 52.
LaTeX Font Info:    ... okay on input line 52.
LaTeX Font Info:    Checking defaults for OMS/cmsy/m/n on input line 52.
LaTeX Font Info:    ... okay on input line 52.
LaTeX Font Info:    Checking defaults for OMX/cmex/m/n on input line 52.
LaTeX Font Info:    ... okay on input line 52.
LaTeX Font Info:    Checking defaults for U/cmr/m/n on input line 52.
LaTeX Font Info:    ... okay on input line 52.
LaTeX Font Info:    Checking defaults for PD1/pdf/m/n on input line 52.
LaTeX Font Info:    ... okay on input line 52.

("C:\Users\nscheirer\AppData\Local\Programs\MiKTeX 2.9\tex\context\base\supp-pd
f.mkii"
[Loading MPS to PDF converter (version 2006.09.02).]
\scratchcounter=\count118
\scratchdimen=\dimen132
\scratchbox=\box55
\nofMPsegments=\count119
\nofMParguments=\count120
\everyMPshowfont=\toks18
\MPscratchCnt=\count121
\MPscratchDim=\dimen133
\MPnumerator=\count122
\makeMPintoPDFobject=\count123
\everyMPtoPDFconversion=\toks19
)
("C:\Users\nscheirer\AppData\Local\Programs\MiKTeX 2.9\tex\latex\oberdiek\epsto
pdf-base.sty"
Package: epstopdf-base 2016/05/15 v2.6 Base part for package epstopdf

("C:\Users\nscheirer\AppData\Local\Programs\MiKTeX 2.9\tex\latex\oberdiek\grfex
t.sty"
Package: grfext 2016/05/16 v1.2 Manage graphics extensions (HO)
)
Package epstopdf-base Info: Redefining graphics rule for `.eps' on input line 4
38.
Package grfext Info: Graphics extension search list:
(grfext)             [.pdf,.png,.jpg,.mps,.jpeg,.jbig2,.jb2,.PDF,.PNG,.JPG,.JPE
G,.JBIG2,.JB2,.eps]
(grfext)             \AppendGraphicsExtensions on input line 456.
)
*geometry* driver: auto-detecting
*geometry* detected driver: pdftex
*geometry* verbose mode - [ preamble ] result:
* driver: pdftex
* paper: <default>
* layout: <same size as paper>
* layoutoffset:(h,v)=(0.0pt,0.0pt)
* modes: 
* h-part:(L,W,R)=(72.26999pt, 469.75502pt, 72.26999pt)
* v-part:(T,H,B)=(72.26999pt, 650.43001pt, 72.26999pt)
* \paperwidth=614.295pt
* \paperheight=794.96999pt
* \textwidth=469.75502pt
* \textheight=650.43001pt
* \oddsidemargin=0.0pt
* \evensidemargin=0.0pt
* \topmargin=-37.0pt
* \headheight=12.0pt
* \headsep=25.0pt
* \topskip=10.0pt
* \footskip=30.0pt
* \marginparwidth=65.0pt
* \marginparsep=11.0pt
* \columnsep=10.0pt
* \skip\footins=9.0pt plus 4.0pt minus 2.0pt
* \hoffset=0.0pt
* \voffset=0.0pt
* \mag=1000
* \@twocolumnfalse
* \@twosidefalse
* \@mparswitchfalse
* \@reversemarginfalse
* (1in=72.27pt=25.4mm, 1cm=28.453pt)

\AtBeginShipoutBox=\box56
Package hyperref Info: Link coloring OFF on input line 52.

("C:\Users\nscheirer\AppData\Local\Programs\MiKTeX 2.9\tex\latex\hyperref\namer
ef.sty"
Package: nameref 2016/05/21 v2.44 Cross-referencing by name of section

("C:\Users\nscheirer\AppData\Local\Programs\MiKTeX 2.9\tex\generic\oberdiek\get
titlestring.sty"
Package: gettitlestring 2016/05/16 v1.5 Cleanup title references (HO)
)
\c@section@level=\count124
)
LaTeX Info: Redefining \ref on input line 52.
LaTeX Info: Redefining \pageref on input line 52.
LaTeX Info: Redefining \nameref on input line 52.
 (Manual.out) (Manual.out)
\@outlinefile=\write3
\openout3 = `Manual.out'.

\c@lstlisting=\count125
LaTeX Font Info:    External font `cmex10' loaded for size
(Font)              <12> on input line 54.
LaTeX Font Info:    External font `cmex10' loaded for size
(Font)              <8> on input line 54.
LaTeX Font Info:    External font `cmex10' loaded for size
(Font)              <6> on input line 54.
 [1

{C:/Users/nscheirer/AppData/Local/MiKTeX/2.9/pdftex/config/pdftex.map}]
LaTeX Font Info:    Try loading font information for OMS+cmr on input line 57.

("C:\Users\nscheirer\AppData\Local\Programs\MiKTeX 2.9\tex\latex\base\omscmr.fd
"
File: omscmr.fd 2014/09/29 v2.5h Standard LaTeX font definitions
)
LaTeX Font Info:    Font shape `OMS/cmr/m/n' in size <10> not available
(Font)              Font shape `OMS/cmsy/m/n' tried instead on input line 57.

Underfull \hbox (badness 10000) in paragraph at lines 56--62

 []


Underfull \hbox (badness 10000) in paragraph at lines 67--83

 []


Underfull \hbox (badness 10000) in paragraph at lines 67--83

 []


Underfull \hbox (badness 10000) in paragraph at lines 67--83

 []


Underfull \hbox (badness 10000) in paragraph at lines 67--83

 []

[2

] (Manual.toc
LaTeX Font Info:    External font `cmex10' loaded for size
(Font)              <7> on input line 2.
LaTeX Font Info:    External font `cmex10' loaded for size
(Font)              <5> on input line 2.
 [3

])
\tf@toc=\write4
\openout4 = `Manual.toc'.

 [4]
<Chapter4_XMLSample.pdf, id=385, 450.2421pt x 225.48239pt>
File: Chapter4_XMLSample.pdf Graphic file (type pdf)
<use Chapter4_XMLSample.pdf>
Package pdftex.def Info: Chapter4_XMLSample.pdf  used on input line 106.
(pdftex.def)             Requested size: 450.24098pt x 225.48183pt.
 [5

]
<Chapter4_XSLTSample.pdf, id=392, 450.2421pt x 433.62pt>
File: Chapter4_XSLTSample.pdf Graphic file (type pdf)
<use Chapter4_XSLTSample.pdf>
Package pdftex.def Info: Chapter4_XSLTSample.pdf  used on input line 122.
(pdftex.def)             Requested size: 450.24098pt x 433.61894pt.
 [6 <./Chapter4_XMLSample.pdf>] [7 <./Chapter4_XSLTSample.pdf>] [8] [9

] [10] [11] [12]
Underfull \hbox (badness 10000) in paragraph at lines 373--374

 []

[13] [14]
<Overview.pdf, id=469, 555.67598pt x 532.38902pt>
File: Overview.pdf Graphic file (type pdf)
<use Overview.pdf>
Package pdftex.def Info: Overview.pdf  used on input line 385.
(pdftex.def)             Requested size: 375.80544pt x 360.06195pt.
 [15

 <./Overview.pdf>]
<ContextMenu.png, id=491, 213.79875pt x 213.79875pt>
File: ContextMenu.png Graphic file (type png)
<use ContextMenu.png>
Package pdftex.def Info: ContextMenu.png  used on input line 420.
(pdftex.def)             Requested size: 139.76286pt x 139.76353pt.

Underfull \hbox (badness 10000) in paragraph at lines 426--433

 []


Underfull \hbox (badness 10000) in paragraph at lines 426--433

 []


Underfull \hbox (badness 10000) in paragraph at lines 426--433

 []


Underfull \hbox (badness 10000) in paragraph at lines 426--433

 []


Underfull \hbox (badness 10000) in paragraph at lines 426--433

 []


Underfull \hbox (badness 10000) in paragraph at lines 426--433

 []


Underfull \hbox (badness 10000) in paragraph at lines 426--433

 []

<ContextMenu2.png, id=493, 367.3725pt x 367.3725pt>
File: ContextMenu2.png Graphic file (type png)
<use ContextMenu2.png>
Package pdftex.def Info: ContextMenu2.png  used on input line 437.
(pdftex.def)             Requested size: 139.76286pt x 139.76555pt.

Underfull \hbox (badness 10000) in paragraph at lines 443--454

 []


Underfull \hbox (badness 10000) in paragraph at lines 443--454

 []


Underfull \hbox (badness 10000) in paragraph at lines 443--454

 []


Underfull \hbox (badness 10000) in paragraph at lines 443--454

 []


Underfull \hbox (badness 10000) in paragraph at lines 443--454

 []


Underfull \hbox (badness 10000) in paragraph at lines 443--454

 []


Underfull \hbox (badness 10000) in paragraph at lines 443--454

 []


Underfull \hbox (badness 10000) in paragraph at lines 443--454

 []


Underfull \hbox (badness 10000) in paragraph at lines 443--454

 []


Underfull \hbox (badness 10000) in paragraph at lines 443--454

 []


Underfull \hbox (badness 10000) in paragraph at lines 443--454

 []

<ContextMenu3.png, id=494, 283.0575pt x 283.0575pt>
File: ContextMenu3.png Graphic file (type png)
<use ContextMenu3.png>
Package pdftex.def Info: ContextMenu3.png  used on input line 458.
(pdftex.def)             Requested size: 139.76286pt x 139.76619pt.

Underfull \hbox (badness 10000) in paragraph at lines 464--472

 []


Underfull \hbox (badness 10000) in paragraph at lines 464--472

 []


Underfull \hbox (badness 10000) in paragraph at lines 464--472

 []


Underfull \hbox (badness 10000) in paragraph at lines 464--472

 []


Underfull \hbox (badness 10000) in paragraph at lines 464--472

 []


Underfull \hbox (badness 10000) in paragraph at lines 464--472

 []


Underfull \hbox (badness 10000) in paragraph at lines 464--472

 []


Underfull \hbox (badness 10000) in paragraph at lines 464--472

 []

[16

 <./ContextMenu.png> <./ContextMenu2.png> <./ContextMenu3.png (PNG copy)>]
File: ContextMenu.png Graphic file (type png)
<use ContextMenu.png>
Package pdftex.def Info: ContextMenu.png  used on input line 487.
(pdftex.def)             Requested size: 139.76286pt x 139.76353pt.

Underfull \hbox (badness 10000) in paragraph at lines 493--499

 []


Underfull \hbox (badness 10000) in paragraph at lines 493--499

 []


Underfull \hbox (badness 10000) in paragraph at lines 493--499

 []


Underfull \hbox (badness 10000) in paragraph at lines 493--499

 []


Underfull \hbox (badness 10000) in paragraph at lines 493--499

 []


Underfull \hbox (badness 10000) in paragraph at lines 493--499

 []

<Upload.png, id=501, 1034.86626pt x 749.80125pt>
File: Upload.png Graphic file (type png)
<use Upload.png>
Package pdftex.def Info: Upload.png  used on input line 507.
(pdftex.def)             Requested size: 139.76286pt x 101.25311pt.

Underfull \hbox (badness 10000) in paragraph at lines 509--510

 []


Underfull \hbox (badness 10000) in paragraph at lines 513--514

 []

<Upload2.png, id=502, 1034.86626pt x 749.80125pt>
File: Upload2.png Graphic file (type png)
<use Upload2.png>
Package pdftex.def Info: Upload2.png  used on input line 518.
(pdftex.def)             Requested size: 139.76286pt x 101.25311pt.

Underfull \hbox (badness 10000) in paragraph at lines 524--528

 []


Underfull \hbox (badness 10000) in paragraph at lines 524--528

 []


Underfull \hbox (badness 10000) in paragraph at lines 524--528

 []


Underfull \hbox (badness 10000) in paragraph at lines 524--528

 []

[17

 <./Upload.png> <./Upload2.png>]
LaTeX Font Info:    Font shape `OT1/cmtt/bx/n' in size <12> not available
(Font)              Font shape `OT1/cmtt/m/n' tried instead on input line 540.

Underfull \hbox (badness 10000) in paragraph at lines 546--553

 []


Underfull \hbox (badness 10000) in paragraph at lines 546--553

 []


Underfull \hbox (badness 10000) in paragraph at lines 546--553

 []


Underfull \hbox (badness 10000) in paragraph at lines 546--553

 []


Underfull \hbox (badness 10000) in paragraph at lines 546--553

 []


Underfull \hbox (badness 10000) in paragraph at lines 546--553

 []

[18

] [19]
Underfull \hbox (badness 10000) in paragraph at lines 599--606

 []


Underfull \hbox (badness 10000) in paragraph at lines 599--606

 []

[20

]
LaTeX Font Info:    Font shape `OT1/cmtt/bx/n' in size <10> not available
(Font)              Font shape `OT1/cmtt/m/n' tried instead on input line 658.
 [21

]
("C:\Users\nscheirer\AppData\Local\Programs\MiKTeX 2.9\tex\latex\listings\lstla
ng1.sty"
File: lstlang1.sty 2015/06/04 1.6 listings language file
)
("C:\Users\nscheirer\AppData\Local\Programs\MiKTeX 2.9\tex\latex\listings\lstmi
sc.sty"
File: lstmisc.sty 2015/06/04 1.6 (Carsten Heinz)
) [22]
Overfull \hbox (34.24059pt too wide) in paragraph at lines 738--739
[][][][][][][][][][][][][][][][][][][][][][][][][][][][][][][][][][][][][][][][
][][][][][][][][][][][][][][][][][][] 
 []

[23

]
("C:\Users\nscheirer\AppData\Local\Programs\MiKTeX 2.9\tex\latex\listings\lstla
ng1.sty"
File: lstlang1.sty 2015/06/04 1.6 listings language file
) [24

] [25

]
<Checklist_Editor.png, id=634, 724.95844pt x 676.77844pt>
File: Checklist_Editor.png Graphic file (type png)
<use Checklist_Editor.png>
Package pdftex.def Info: Checklist_Editor.png  used on input line 824.
(pdftex.def)             Requested size: 211.38832pt x 197.3347pt.

Underfull \hbox (badness 10000) in paragraph at lines 834--835

 []

<Checklist_Viewer.png, id=636, 724.20563pt x 721.19438pt>
File: Checklist_Viewer.png Graphic file (type png)
<use Checklist_Viewer.png>
Package pdftex.def Info: Checklist_Viewer.png  used on input line 840.
(pdftex.def)             Requested size: 211.38832pt x 210.50557pt.
[26

 <./Checklist_Editor.png> <./Checklist_Viewer.png>]
<Datacollect_v1_Viewer.png, id=641, 722.7pt x 493.0922pt>
File: Datacollect_v1_Viewer.png Graphic file (type png)
<use Datacollect_v1_Viewer.png>
Package pdftex.def Info: Datacollect_v1_Viewer.png  used on input line 851.
(pdftex.def)             Requested size: 211.38832pt x 144.227pt.

Underfull \hbox (badness 10000) in paragraph at lines 857--859

 []


Underfull \hbox (badness 10000) in paragraph at lines 857--859

 []

<Datacollect_v2_Viewer.png, id=642, 722.7pt x 805.50937pt>
File: Datacollect_v2_Viewer.png Graphic file (type png)
<use Datacollect_v2_Viewer.png>
Package pdftex.def Info: Datacollect_v2_Viewer.png  used on input line 864.
(pdftex.def)             Requested size: 211.38832pt x 235.60747pt.

Underfull \hbox (badness 10000) in paragraph at lines 870--879

 []


Underfull \hbox (badness 10000) in paragraph at lines 870--879

 []


Underfull \hbox (badness 10000) in paragraph at lines 870--879

 []


Underfull \hbox (badness 10000) in paragraph at lines 870--879

 []


Underfull \hbox (badness 10000) in paragraph at lines 870--879

 []


Underfull \hbox (badness 10000) in paragraph at lines 870--879

 []


Underfull \hbox (badness 10000) in paragraph at lines 870--879

 []


Underfull \hbox (badness 10000) in paragraph at lines 870--879

 []


Underfull \hbox (badness 10000) in paragraph at lines 870--879

 []

<Dataguzzler_DGS_File.png, id=643, 721.19438pt x 578.91281pt>
File: Dataguzzler_DGS_File.png Graphic file (type png)
<use Dataguzzler_DGS_File.png>
Package pdftex.def Info: Dataguzzler_DGS_File.png  used on input line 884.
(pdftex.def)             Requested size: 211.38832pt x 169.68243pt.
[27

 <./Datacollect_v1_Viewer.png> <./Datacollect_v2_Viewer.png> <./Dataguzzler_DGS
_File.png>]
<Dataguzzler_SET_File.png, id=648, 721.94719pt x 719.68875pt>
File: Dataguzzler_SET_File.png Graphic file (type png)
<use Dataguzzler_SET_File.png>
Package pdftex.def Info: Dataguzzler_SET_File.png  used on input line 896.
(pdftex.def)             Requested size: 211.38832pt x 210.72499pt.

Underfull \hbox (badness 10000) in paragraph at lines 902--910

 []


Underfull \hbox (badness 10000) in paragraph at lines 902--910

 []


Underfull \hbox (badness 10000) in paragraph at lines 902--910

 []


Underfull \hbox (badness 10000) in paragraph at lines 902--910

 []


Underfull \hbox (badness 10000) in paragraph at lines 902--910

 []


Underfull \hbox (badness 10000) in paragraph at lines 902--910

 []


Underfull \hbox (badness 10000) in paragraph at lines 902--910

 []


Underfull \hbox (badness 10000) in paragraph at lines 902--910

 []

<Data_Table.png, id=649, 1174.3875pt x 715.17188pt>
File: Data_Table.png Graphic file (type png)
<use Data_Table.png>
Package pdftex.def Info: Data_Table.png  used on input line 915.
(pdftex.def)             Requested size: 211.38832pt x 128.72537pt.
<Default_Plugin.png, id=650, 721.94719pt x 383.18156pt>
File: Default_Plugin.png Graphic file (type png)
<use Default_Plugin.png>
Package pdftex.def Info: Default_Plugin.png  used on input line 926.
(pdftex.def)             Requested size: 211.38832pt x 112.19562pt.
[28

 <./Dataguzzler_SET_File.png> <./Data_Table.png> <./Default_Plugin.png>]
<Directory.png, id=655, 721.19438pt x 382.42876pt>
File: Directory.png Graphic file (type png)
<use Directory.png>
Package pdftex.def Info: Directory.png  used on input line 938.
(pdftex.def)             Requested size: 211.38832pt x 112.0919pt.
<Generic_Binary_File.png, id=657, 721.19438pt x 645.91313pt>
File: Generic_Binary_File.png Graphic file (type png)
<use Generic_Binary_File.png>
Package pdftex.def Info: Generic_Binary_File.png  used on input line 957.
(pdftex.def)             Requested size: 211.38832pt x 189.3206pt.

[29

 <./Directory.png> <./Generic_Binary_File.png>]
<Generic_HDF5_File.png, id=662, 721.94719pt x 719.68875pt>
File: Generic_HDF5_File.png Graphic file (type png)
<use Generic_HDF5_File.png>
Package pdftex.def Info: Generic_HDF5_File.png  used on input line 968.
(pdftex.def)             Requested size: 211.38832pt x 210.72499pt.

Underfull \hbox (badness 10000) in paragraph at lines 974--987

 []


Underfull \hbox (badness 10000) in paragraph at lines 974--987

 []


Underfull \hbox (badness 10000) in paragraph at lines 974--987

 []


Underfull \hbox (badness 10000) in paragraph at lines 974--987

 []


Underfull \hbox (badness 10000) in paragraph at lines 974--987

 []


Underfull \hbox (badness 10000) in paragraph at lines 974--987

 []


Underfull \hbox (badness 10000) in paragraph at lines 974--987

 []


Underfull \hbox (badness 10000) in paragraph at lines 974--987

 []


Underfull \hbox (badness 10000) in paragraph at lines 974--987

 []


Underfull \hbox (badness 10000) in paragraph at lines 974--987

 []


Underfull \hbox (badness 10000) in paragraph at lines 974--987

 []


Underfull \hbox (badness 10000) in paragraph at lines 974--987

 []


Underfull \hbox (badness 10000) in paragraph at lines 974--987

 []

<Generic_XML_File.png, id=663, 721.94719pt x 718.93594pt>
File: Generic_XML_File.png Graphic file (type png)
<use Generic_XML_File.png>
Package pdftex.def Info: Generic_XML_File.png  used on input line 999.
(pdftex.def)             Requested size: 211.38832pt x 210.50458pt.
[30

 <./Generic_HDF5_File.png> <./Generic_XML_File.png>]
<Image_Viewer.png, id=668, 721.19438pt x 579.66562pt>
File: Image_Viewer.png Graphic file (type png)
<use Image_Viewer.png>
Package pdftex.def Info: Image_Viewer.png  used on input line 1010.
(pdftex.def)             Requested size: 211.38832pt x 169.90309pt.

Underfull \hbox (badness 10000) in paragraph at lines 1016--1023

 []


Underfull \hbox (badness 10000) in paragraph at lines 1016--1023

 []


Underfull \hbox (badness 10000) in paragraph at lines 1016--1023

 []


Underfull \hbox (badness 10000) in paragraph at lines 1016--1023

 []


Underfull \hbox (badness 10000) in paragraph at lines 1016--1023

 []


Underfull \hbox (badness 10000) in paragraph at lines 1016--1023

 []


Underfull \hbox (badness 10000) in paragraph at lines 1016--1023

 []

<Mercurial_Repository.png, id=669, 721.19438pt x 382.42876pt>
File: Mercurial_Repository.png Graphic file (type png)
<use Mercurial_Repository.png>
Package pdftex.def Info: Mercurial_Repository.png  used on input line 1028.
(pdftex.def)             Requested size: 211.38832pt x 112.0919pt.

Underfull \hbox (badness 10000) in paragraph at lines 1034--1035

 []

<Movie_Viewer.png, id=670, 721.19438pt x 400.49625pt>
File: Movie_Viewer.png Graphic file (type png)
<use Movie_Viewer.png>
Package pdftex.def Info: Movie_Viewer.png  used on input line 1040.
(pdftex.def)             Requested size: 211.38832pt x 117.38759pt.
[31

 <./Image_Viewer.png> <./Mercurial_Repository.png> <./Movie_Viewer.png>]
<Multimedia_Directory.png, id=676, 721.19438pt x 718.93594pt>
File: Multimedia_Directory.png Graphic file (type png)
<use Multimedia_Directory.png>
Package pdftex.def Info: Multimedia_Directory.png  used on input line 1051.
(pdftex.def)             Requested size: 211.38832pt x 210.72397pt.

Underfull \hbox (badness 10000) in paragraph at lines 1057--1067

 []


Underfull \hbox (badness 10000) in paragraph at lines 1057--1067

 []


Underfull \hbox (badness 10000) in paragraph at lines 1057--1067

 []


Underfull \hbox (badness 10000) in paragraph at lines 1057--1067

 []


Underfull \hbox (badness 10000) in paragraph at lines 1057--1067

 []


Underfull \hbox (badness 10000) in paragraph at lines 1057--1067

 []


Underfull \hbox (badness 10000) in paragraph at lines 1057--1067

 []


Underfull \hbox (badness 10000) in paragraph at lines 1057--1067

 []


Underfull \hbox (badness 10000) in paragraph at lines 1057--1067

 []


Underfull \hbox (badness 10000) in paragraph at lines 1057--1067

 []

<Office_Viewer.png, id=677, 721.94719pt x 719.68875pt>
File: Office_Viewer.png Graphic file (type png)
<use Office_Viewer.png>
Package pdftex.def Info: Office_Viewer.png  used on input line 1072.
(pdftex.def)             Requested size: 211.38832pt x 210.72499pt.
[32

 <./Multimedia_Directory.png> <./Office_Viewer.png>]
<PDF_Viewer.png, id=682, 721.19438pt x 718.93594pt>
File: PDF_Viewer.png Graphic file (type png)
<use PDF_Viewer.png>
Package pdftex.def Info: PDF_Viewer.png  used on input line 1083.
(pdftex.def)             Requested size: 211.38832pt x 210.72397pt.

Underfull \hbox (badness 10000) in paragraph at lines 1089--1103

 []


Underfull \hbox (badness 10000) in paragraph at lines 1089--1103

 []


Underfull \hbox (badness 10000) in paragraph at lines 1089--1103

 []


Underfull \hbox (badness 10000) in paragraph at lines 1089--1103

 []


Underfull \hbox (badness 10000) in paragraph at lines 1089--1103

 []


Underfull \hbox (badness 10000) in paragraph at lines 1089--1103

 []


Underfull \hbox (badness 10000) in paragraph at lines 1089--1103

 []


Underfull \hbox (badness 10000) in paragraph at lines 1089--1103

 []


Underfull \hbox (badness 10000) in paragraph at lines 1089--1103

 []


Underfull \hbox (badness 10000) in paragraph at lines 1089--1103

 []


Underfull \hbox (badness 10000) in paragraph at lines 1089--1103

 []


Underfull \hbox (badness 10000) in paragraph at lines 1089--1103

 []


Underfull \hbox (badness 10000) in paragraph at lines 1089--1103

 []


Underfull \hbox (badness 10000) in paragraph at lines 1089--1103

 []

<Plain_Text_File.png, id=683, 721.19438pt x 486.31688pt>
File: Plain_Text_File.png Graphic file (type png)
<use Plain_Text_File.png>
Package pdftex.def Info: Plain_Text_File.png  used on input line 1108.
(pdftex.def)             Requested size: 211.38832pt x 142.54208pt.

Underfull \hbox (badness 10000) in paragraph at lines 1114--1119

 []


Underfull \hbox (badness 10000) in paragraph at lines 1114--1119

 []


Underfull \hbox (badness 10000) in paragraph at lines 1114--1119

 []


Underfull \hbox (badness 10000) in paragraph at lines 1114--1119

 []


Underfull \hbox (badness 10000) in paragraph at lines 1114--1119

 []

<SolidWorks_Viewer.png, id=684, 722.7pt x 382.42876pt>
File: SolidWorks_Viewer.png Graphic file (type png)
<use SolidWorks_Viewer.png>
Package pdftex.def Info: SolidWorks_Viewer.png  used on input line 1124.
(pdftex.def)             Requested size: 211.38832pt x 111.85849pt.
[33

 <./PDF_Viewer.png> <./Plain_Text_File.png> <./SolidWorks_Viewer.png>]
<Specimen_Plugin.png, id=689, 721.19438pt x 718.93594pt>
File: Specimen_Plugin.png Graphic file (type png)
<use Specimen_Plugin.png>
Package pdftex.def Info: Specimen_Plugin.png  used on input line 1136.
(pdftex.def)             Requested size: 211.38832pt x 210.72397pt.
<Specimen_Directory_Plugin.png, id=691, 1173.63469pt x 416.30531pt>
File: Specimen_Directory_Plugin.png Graphic file (type png)
<use Specimen_Directory_Plugin.png>
Package pdftex.def Info: Specimen_Directory_Plugin.png  used on input line 1148
.
(pdftex.def)             Requested size: 211.38832pt x 74.98253pt.
<Specimen_Group_Plugin.png, id=692, 721.94719pt x 719.68875pt>
File: Specimen_Group_Plugin.png Graphic file (type png)
<use Specimen_Group_Plugin.png>
Package pdftex.def Info: Specimen_Group_Plugin.png  used on input line 1160.
(pdftex.def)             Requested size: 211.38832pt x 210.72499pt.

[34

 <./Specimen_Plugin.png> <./Specimen_Directory_Plugin.png> <./Specimen_Group_Pl
ugin.png>]
<SVG_Viewer.png, id=698, 721.19438pt x 382.42876pt>
File: SVG_Viewer.png Graphic file (type png)
<use SVG_Viewer.png>
Package pdftex.def Info: SVG_Viewer.png  used on input line 1172.
(pdftex.def)             Requested size: 211.38832pt x 112.0919pt.
<Transducer_Management.png, id=699, 721.19438pt x 382.42876pt>
File: Transducer_Management.png Graphic file (type png)
<use Transducer_Management.png>
Package pdftex.def Info: Transducer_Management.png  used on input line 1184.
(pdftex.def)             Requested size: 211.38832pt x 112.0919pt.
<Transducer_Directory_Plugin.png, id=700, 721.19438pt x 382.42876pt>
File: Transducer_Directory_Plugin.png Graphic file (type png)
<use Transducer_Directory_Plugin.png>
Package pdftex.def Info: Transducer_Directory_Plugin.png  used on input line 11
96.
(pdftex.def)             Requested size: 211.38832pt x 112.0919pt.

Underfull \hbox (badness 10000) in paragraph at lines 1202--1204

 []


Underfull \hbox (badness 10000) in paragraph at lines 1202--1204

 []

<Trigger_Log_Plugin.png, id=701, 1173.63469pt x 559.33969pt>
File: Trigger_Log_Plugin.png Graphic file (type png)
<use Trigger_Log_Plugin.png>
Package pdftex.def Info: Trigger_Log_Plugin.png  used on input line 1210.
(pdftex.def)             Requested size: 211.38832pt x 100.74507pt.
<Trigger_Log_Directory_Plugin.png, id=702, 1173.63469pt x 382.42876pt>
File: Trigger_Log_Directory_Plugin.png Graphic file (type png)
<use Trigger_Log_Directory_Plugin.png>
Package pdftex.def Info: Trigger_Log_Directory_Plugin.png  used on input line 1
222.
(pdftex.def)             Requested size: 211.38832pt x 68.88087pt.
[35

 <./SVG_Viewer.png> <./Transducer_Management.png> <./Transducer_Directory_Plugi
n.png> <./Trigger_Log_Plugin.png> <./Trigger_Log_Directory_Plugin.png>]
<WebPage_Viewer.png, id=707, 721.19438pt x 718.93594pt>
File: WebPage_Viewer.png Graphic file (type png)
<use WebPage_Viewer.png>
Package pdftex.def Info: WebPage_Viewer.png  used on input line 1234.
(pdftex.def)             Requested size: 211.38832pt x 210.72397pt.
<SDT_Viewer.png, id=708, 728.7225pt x 1596.71532pt>
File: SDT_Viewer.png Graphic file (type png)
<use SDT_Viewer.png>
Package pdftex.def Info: SDT_Viewer.png  used on input line 1245.
(pdftex.def)             Requested size: 211.38832pt x 463.15741pt.

[36

 <./WebPage_Viewer.png> <./SDT_Viewer.png>]
Underfull \hbox (badness 10000) in paragraph at lines 1253--1254

 []


Underfull \hbox (badness 10000) in paragraph at lines 1255--1256

 []


Underfull \hbox (badness 10000) in paragraph at lines 1257--1260

 []


Underfull \hbox (badness 10000) in paragraph at lines 1261--1264

 []


Underfull \hbox (badness 10000) in paragraph at lines 1265--1268

 []


Underfull \hbox (badness 10000) in paragraph at lines 1269--1272

 []


Underfull \hbox (badness 10000) in paragraph at lines 1273--1276

 []


Underfull \hbox (badness 10000) in paragraph at lines 1277--1280

 []


Underfull \hbox (badness 10000) in paragraph at lines 1281--1284

 []


Underfull \hbox (badness 10000) in paragraph at lines 1285--1288

 []

Missing character: There is no √ in font cmr10!
Missing character: There is no © in font cmr10!
Missing character: There is no √ in font cmr10!
Missing character: There is no © in font cmr10!

Underfull \hbox (badness 10000) in paragraph at lines 1289--1293

 []


Underfull \hbox (badness 10000) in paragraph at lines 1294--1299

 []

[37

] [38

] [39

] [40] [41] [42] [43] [44] [45] [46] [47] [48

] [49] [50] [51

]
Missing character: There is no ‚ in font cmr10!
Missing character: There is no Ä in font cmr10!
Missing character: There is no ú in font cmr10!
Missing character: There is no ‚ in font cmr10!
Missing character: There is no Ä in font cmr10!
Missing character: There is no ù in font cmr10!

[52

] [53

] [54]
Package atveryend Info: Empty hook `BeforeClearDocument' on input line 2512.
 [55]
Package atveryend Info: Empty hook `AfterLastShipout' on input line 2512.
 (Manual.aux)
Package atveryend Info: Executing hook `AtVeryEndDocument' on input line 2512.
Package atveryend Info: Executing hook `AtEndAfterFileList' on input line 2512.

Package rerunfilecheck Info: File `Manual.out' has not changed.
(rerunfilecheck)             Checksum: AC0283FA871EAD69B5713F887BF067BB;5015.
Package atveryend Info: Empty hook `AtVeryVeryEnd' on input line 2512.
 ) 
Here is how much of TeX's memory you used:
 7769 strings out of 493305
 117934 string characters out of 3128062
 265285 words of memory out of 3000000
 10936 multiletter control sequences out of 15000+200000
 9654 words of font info for 35 fonts, out of 3000000 for 9000
 1141 hyphenation exceptions out of 8191
 29i,6n,51p,1165b,1081s stack positions out of 5000i,500n,10000p,200000b,50000s
<C:/Users/nscheirer/AppData/Local/Programs/MiKTeX 2.9/fonts/type1/public/amsf
onts/cm/cmbx10.pfb><C:/Users/nscheirer/AppData/Local/Programs/MiKTeX 2.9/fonts/
type1/public/amsfonts/cm/cmbx12.pfb><C:/Users/nscheirer/AppData/Local/Programs/
MiKTeX 2.9/fonts/type1/public/amsfonts/cm/cmbx9.pfb><C:/Users/nscheirer/AppData
/Local/Programs/MiKTeX 2.9/fonts/type1/public/amsfonts/cm/cmcsc10.pfb><C:/Users
/nscheirer/AppData/Local/Programs/MiKTeX 2.9/fonts/type1/public/amsfonts/cm/cmr
10.pfb><C:/Users/nscheirer/AppData/Local/Programs/MiKTeX 2.9/fonts/type1/public
/amsfonts/cm/cmr12.pfb><C:/Users/nscheirer/AppData/Local/Programs/MiKTeX 2.9/fo
nts/type1/public/amsfonts/cm/cmr17.pfb><C:/Users/nscheirer/AppData/Local/Progra
ms/MiKTeX 2.9/fonts/type1/public/amsfonts/cm/cmr9.pfb><C:/Users/nscheirer/AppDa
ta/Local/Programs/MiKTeX 2.9/fonts/type1/public/amsfonts/cm/cmsy10.pfb><C:/User
s/nscheirer/AppData/Local/Programs/MiKTeX 2.9/fonts/type1/public/amsfonts/cm/cm
ti10.pfb><C:/Users/nscheirer/AppData/Local/Programs/MiKTeX 2.9/fonts/type1/publ
ic/amsfonts/cm/cmtt10.pfb><C:/Users/nscheirer/AppData/Local/Programs/MiKTeX 2.9
/fonts/type1/public/amsfonts/cm/cmtt12.pfb><C:/Users/nscheirer/AppData/Local/Pr
ograms/MiKTeX 2.9/fonts/type1/public/amsfonts/cm/cmtt8.pfb>
Output written on Manual.pdf (55 pages, 4148440 bytes).
PDF statistics:
 955 PDF objects out of 1000 (max. 8388607)
 280 named destinations out of 1000 (max. 500000)
 759 words of extra memory for PDF output out of 10000 (max. 10000000)

