This file contains any messages produced by compilers while
running configure, to aid debugging if configure makes a mistake.

It was created by libble++ configure version-0.5, which was
generated by GNU Autoconf 2.69.  Invocation command line was

  $ ./configure 

## --------- ##
## Platform. ##
## --------- ##

hostname = localhost.localdomain
uname -m = x86_64
uname -r = 4.17.2-1-default
uname -s = Linux
uname -v = #1 SMP PREEMPT Sat Jun 16 10:58:03 UTC 2018 (ddde22d)

/usr/bin/uname -p = x86_64
/bin/uname -X     = unknown

/bin/arch              = x86_64
/usr/bin/arch -k       = unknown
/usr/convex/getsysinfo = unknown
/usr/bin/hostinfo      = unknown
/bin/machine           = unknown
/usr/bin/oslevel       = unknown
/bin/universe          = unknown

PATH: /home/etsai/bin
PATH: /usr/local/bin
PATH: /usr/bin
PATH: /bin
PATH: /usr/lib/mit/sbin
PATH: /opt/android-studio/bin
PATH: /opt/vscode/1.19.1/bin
PATH: /home/etsai/.local/bin
PATH: /opt/groovy/2.4.14/bin
PATH: /home/etsai/.local/bin
PATH: /opt/groovy/2.4.14/bin


## ----------- ##
## Core tests. ##
## ----------- ##

configure:1925: loading site script /usr/share/site/x86_64-unknown-linux-gnu
| #!/bin/sh
| # Site script for configure. It is resourced via $CONFIG_SITE environment varaible.
| 
| # If user did not specify libdir, guess the correct target:
| # Use lib64 for 64 bit bi-arch targets, keep the default for the rest.
| if test "$libdir" = '${exec_prefix}/lib' ; then
| 
| 	ac_config_site_64bit_host=NONE
| 
| 	case "$host" in
| 	"" )
| 		# User did not specify host target.
| 		# The native platform x86_64 is a bi-arch platform.
| 		# Try to detect cross-compilation to inferior architecture.
| 
| 		# We are trying to guess 32-bit target compilation. It's not as easy as
| 		# it sounds, as there is possible several intermediate combinations.
| 		ac_config_site_cross_to_32bit_host=NONE
| 
| 		# User defined -m32 in CFLAGS or CXXFLAGS or CC or CXX:
| 		# (It's sufficient for 32-bit, but alone may cause mis-behavior of some checks.)
| 		case "$CFLAGS $CXXFLAGS $CC $CXX" in
| 		*-m32*)
| 			ac_config_site_cross_to_32bit_host=YES
| 			;;
| 		esac
| 
| 		# Running with linux32:
| 		# (Changes detected platform, but not the toolchain target.)
| 		case "`/bin/uname -i`" in
| 		x86_64 | ppc64 | s390x | aarch64 )
| 			;;
| 		* )
| 			ac_config_site_cross_to_32bit_host=YES
| 			;;
| 		esac
| 
| 		if test "x$ac_config_site_cross_to_32bit_host" = xNONE; then
| 			ac_config_site_64bit_host=YES
| 		fi
| 
| 		;;
| 	*x86_64* | *ppc64* | *s390x* | *aarch64* )
| 		ac_config_site_64bit_host=YES
| 		;;
| 	esac
| 
| 	if test "x$ac_config_site_64bit_host" = xYES; then
| 		libdir='${exec_prefix}/lib64'
| 	fi
| fi
| 
| # If user did not specify libexecdir, set the correct target:
| # Nor FHS nor openSUSE allow prefix/libexec. Let's default to prefix/lib.
| 
| if test "$libexecdir" = '${exec_prefix}/libexec' ; then
| 	libexecdir='${exec_prefix}/lib'
| fi
| 
| # Continue with the standard behavior of configure defined in AC_SITE_LOAD:
| if test "x$prefix" != xNONE; then
| 	ac_site_file1=$prefix/share/config.site
| 	ac_site_file2=$prefix/etc/config.site
| else
| 	ac_site_file1=$ac_default_prefix/share/config.site
| 	ac_site_file2=$ac_default_prefix/etc/config.site
| fi
| for ac_site_file in "$ac_site_file1" "$ac_site_file2"
| do
| 	test "x$ac_site_file" = xNONE && continue
| 	if test /dev/null != "$ac_site_file" && test -r "$ac_site_file"; then
| 		{ $as_echo "/usr/share/site/x86_64-unknown-linux-gnu:${as_lineno-$LINENO}: loading site script $ac_site_file" >&5
| $as_echo "/usr/share/site/x86_64-unknown-linux-gnu: loading site script $ac_site_file" >&6;}
| 		sed 's/^/| /' "$ac_site_file" >&5
| 		. "$ac_site_file" \
| 			|| { { $as_echo "/usr/share/site/x86_64-unknown-linux-gnu:${as_lineno-$LINENO}: error: in \`$ac_pwd':" >&5
| $as_echo "/usr/share/site/x86_64-unknown-linux-gnu: error: in \`$ac_pwd':" >&2;}
| as_fn_error $? "failed to load site script $ac_site_file
| See \`config.log' for more details" "$LINENO" 5; }
| 	fi
| done
configure:2086: checking for g++
configure:2102: found /usr/bin/g++
configure:2113: result: g++
configure:2140: checking for C++ compiler version
configure:2149: g++ --version >&5
g++ (SUSE Linux) 8.1.1 20180523 [gcc-8-branch revision 260570]
Copyright (C) 2018 Free Software Foundation, Inc.
This is free software; see the source for copying conditions.  There is NO
warranty; not even for MERCHANTABILITY or FITNESS FOR A PARTICULAR PURPOSE.

configure:2160: $? = 0
configure:2149: g++ -v >&5
Using built-in specs.
COLLECT_GCC=g++
COLLECT_LTO_WRAPPER=/usr/lib64/gcc/x86_64-suse-linux/8/lto-wrapper
OFFLOAD_TARGET_NAMES=hsa:nvptx-none
Target: x86_64-suse-linux
Configured with: ../configure --prefix=/usr --infodir=/usr/share/info --mandir=/usr/share/man --libdir=/usr/lib64 --libexecdir=/usr/lib64 --enable-languages=c,c++,objc,fortran,obj-c++,ada,go --enable-offload-targets=hsa,nvptx-none=/usr/nvptx-none, --without-cuda-driver --enable-checking=release --disable-werror --with-gxx-include-dir=/usr/include/c++/8 --enable-ssp --disable-libssp --disable-libvtv --disable-cet --disable-libcc1 --enable-plugin --with-bugurl=http://bugs.opensuse.org/ --with-pkgversion='SUSE Linux' --with-slibdir=/lib64 --with-system-zlib --enable-__cxa_atexit --enable-libstdcxx-allocator=new --disable-libstdcxx-pch --enable-version-specific-runtime-libs --with-gcc-major-version-only --enable-linker-build-id --enable-linux-futex --enable-gnu-indirect-function --program-suffix=-8 --without-system-libunwind --enable-multilib --with-arch-32=x86-64 --with-tune=generic --build=x86_64-suse-linux --host=x86_64-suse-linux
Thread model: posix
gcc version 8.1.1 20180523 [gcc-8-branch revision 260570] (SUSE Linux) 
configure:2160: $? = 0
configure:2149: g++ -V >&5
g++: error: unrecognized command line option '-V'
g++: fatal error: no input files
compilation terminated.
configure:2160: $? = 1
configure:2149: g++ -qversion >&5
g++: error: unrecognized command line option '-qversion'; did you mean '--version'?
g++: fatal error: no input files
compilation terminated.
configure:2160: $? = 1
configure:2180: checking whether the C++ compiler works
configure:2202: g++   -m64 conftest.cpp  >&5
configure:2206: $? = 0
configure:2254: result: yes
configure:2257: checking for C++ compiler default output file name
configure:2259: result: a.out
configure:2265: checking for suffix of executables
configure:2272: g++ -o conftest   -m64 conftest.cpp  >&5
configure:2276: $? = 0
configure:2298: result: 
configure:2320: checking whether we are cross compiling
configure:2328: g++ -o conftest   -m64 conftest.cpp  >&5
configure:2332: $? = 0
configure:2339: ./conftest
configure:2343: $? = 0
configure:2358: result: no
configure:2363: checking for suffix of object files
configure:2385: g++ -c   conftest.cpp >&5
configure:2389: $? = 0
configure:2410: result: o
configure:2414: checking whether we are using the GNU C++ compiler
configure:2433: g++ -c   conftest.cpp >&5
configure:2433: $? = 0
configure:2442: result: yes
configure:2451: checking whether g++ accepts -g
configure:2471: g++ -c -g  conftest.cpp >&5
configure:2471: $? = 0
configure:2512: result: yes
configure:2601: checking if compiler flag -Wall works
configure:2617: g++ -c -g -O2 -Wall  conftest.cpp >&5
configure:2617: $? = 0
configure:2630: result: yes
configure:2643: checking if compiler flag -Wextra works
configure:2658: g++ -c -g -O2 -Wall -Wextra  conftest.cpp >&5
configure:2658: $? = 0
configure:2671: result: yes
configure:2684: checking if compiler flag -W works
configure:2699: g++ -c -g -O2 -Wall -Wextra -W  conftest.cpp >&5
configure:2699: $? = 0
configure:2712: result: yes
configure:2725: checking if compiler flag -O3 works
configure:2740: g++ -c -g -O2 -Wall -Wextra -W -O3  conftest.cpp >&5
configure:2740: $? = 0
configure:2753: result: yes
configure:2766: checking if compiler flag -ggdb works
configure:2781: g++ -c -g -O2 -Wall -Wextra -W -O3 -ggdb  conftest.cpp >&5
configure:2781: $? = 0
configure:2794: result: yes
configure:2813: checking whether g++ supports C++14 features by default
configure:2873: g++ -c -g -O2 -Wall -Wextra -W -O3 -ggdb  conftest.cpp >&5
configure:2873: $? = 0
configure:2880: result: yes
configure:3085: checking for pkg-config
configure:3103: found /usr/bin/pkg-config
configure:3115: result: /usr/bin/pkg-config
configure:3130: checking for sed
configure:3146: found /usr/bin/sed
configure:3158: result: sed
configure:3166: checking for pkg-config library dir
configure:3170: result: ${exec_prefix}/lib64/pkgconfig
configure:3187: checking how to run the C++ preprocessor
configure:3214: g++ -E  conftest.cpp
configure:3214: $? = 0
configure:3228: g++ -E  conftest.cpp
conftest.cpp:9:10: fatal error: ac_nonexistent.h: No such file or directory
 #include <ac_nonexistent.h>
          ^~~~~~~~~~~~~~~~~~
compilation terminated.
configure:3228: $? = 1
configure: failed program was:
| /* confdefs.h */
| #define PACKAGE_NAME "libble++"
| #define PACKAGE_TARNAME "libble--"
| #define PACKAGE_VERSION "version-0.5"
| #define PACKAGE_STRING "libble++ version-0.5"
| #define PACKAGE_BUGREPORT ""
| #define PACKAGE_URL ""
| /* end confdefs.h.  */
| #include <ac_nonexistent.h>
configure:3253: result: g++ -E
configure:3273: g++ -E  conftest.cpp
configure:3273: $? = 0
configure:3287: g++ -E  conftest.cpp
conftest.cpp:9:10: fatal error: ac_nonexistent.h: No such file or directory
 #include <ac_nonexistent.h>
          ^~~~~~~~~~~~~~~~~~
compilation terminated.
configure:3287: $? = 1
configure: failed program was:
| /* confdefs.h */
| #define PACKAGE_NAME "libble++"
| #define PACKAGE_TARNAME "libble--"
| #define PACKAGE_VERSION "version-0.5"
| #define PACKAGE_STRING "libble++ version-0.5"
| #define PACKAGE_BUGREPORT ""
| #define PACKAGE_URL ""
| /* end confdefs.h.  */
| #include <ac_nonexistent.h>
configure:3316: checking for grep that handles long lines and -e
configure:3374: result: /usr/bin/grep
configure:3379: checking for egrep
configure:3441: result: /usr/bin/grep -E
configure:3446: checking for ANSI C header files
configure:3466: g++ -c -g -O2 -Wall -Wextra -W -O3 -ggdb  conftest.cpp >&5
configure:3466: $? = 0
configure:3539: g++ -o conftest -g -O2 -Wall -Wextra -W -O3 -ggdb  -m64 conftest.cpp  >&5
configure:3539: $? = 0
configure:3539: ./conftest
configure:3539: $? = 0
configure:3550: result: yes
configure:3563: checking for sys/types.h
configure:3563: g++ -c -g -O2 -Wall -Wextra -W -O3 -ggdb  conftest.cpp >&5
configure:3563: $? = 0
configure:3563: result: yes
configure:3563: checking for sys/stat.h
configure:3563: g++ -c -g -O2 -Wall -Wextra -W -O3 -ggdb  conftest.cpp >&5
configure:3563: $? = 0
configure:3563: result: yes
configure:3563: checking for stdlib.h
configure:3563: g++ -c -g -O2 -Wall -Wextra -W -O3 -ggdb  conftest.cpp >&5
configure:3563: $? = 0
configure:3563: result: yes
configure:3563: checking for string.h
configure:3563: g++ -c -g -O2 -Wall -Wextra -W -O3 -ggdb  conftest.cpp >&5
configure:3563: $? = 0
configure:3563: result: yes
configure:3563: checking for memory.h
configure:3563: g++ -c -g -O2 -Wall -Wextra -W -O3 -ggdb  conftest.cpp >&5
configure:3563: $? = 0
configure:3563: result: yes
configure:3563: checking for strings.h
configure:3563: g++ -c -g -O2 -Wall -Wextra -W -O3 -ggdb  conftest.cpp >&5
configure:3563: $? = 0
configure:3563: result: yes
configure:3563: checking for inttypes.h
configure:3563: g++ -c -g -O2 -Wall -Wextra -W -O3 -ggdb  conftest.cpp >&5
configure:3563: $? = 0
configure:3563: result: yes
configure:3563: checking for stdint.h
configure:3563: g++ -c -g -O2 -Wall -Wextra -W -O3 -ggdb  conftest.cpp >&5
configure:3563: $? = 0
configure:3563: result: yes
configure:3563: checking for unistd.h
configure:3563: g++ -c -g -O2 -Wall -Wextra -W -O3 -ggdb  conftest.cpp >&5
configure:3563: $? = 0
configure:3563: result: yes
configure:3575: checking bluetooth/bluetooth.h usability
configure:3575: g++ -c -g -O2 -Wall -Wextra -W -O3 -ggdb  conftest.cpp >&5
configure:3575: $? = 0
configure:3575: result: yes
configure:3575: checking bluetooth/bluetooth.h presence
configure:3575: g++ -E  conftest.cpp
configure:3575: $? = 0
configure:3575: result: yes
configure:3575: checking for bluetooth/bluetooth.h
configure:3575: result: yes
configure:3583: checking for library containing hci_open_dev
configure:3614: g++ -o conftest -g -O2 -Wall -Wextra -W -O3 -ggdb  -m64 conftest.cpp  >&5
/tmp/ccvqwdQo.o: In function `main':
/home/etsai/Documents/sdk/PyWarble/clibs/warble/deps/libblepp/conftest.cpp:30: undefined reference to `hci_open_dev'
collect2: error: ld returned 1 exit status
configure:3614: $? = 1
configure: failed program was:
| /* confdefs.h */
| #define PACKAGE_NAME "libble++"
| #define PACKAGE_TARNAME "libble--"
| #define PACKAGE_VERSION "version-0.5"
| #define PACKAGE_STRING "libble++ version-0.5"
| #define PACKAGE_BUGREPORT ""
| #define PACKAGE_URL ""
| #define STDC_HEADERS 1
| #define HAVE_SYS_TYPES_H 1
| #define HAVE_SYS_STAT_H 1
| #define HAVE_STDLIB_H 1
| #define HAVE_STRING_H 1
| #define HAVE_MEMORY_H 1
| #define HAVE_STRINGS_H 1
| #define HAVE_INTTYPES_H 1
| #define HAVE_STDINT_H 1
| #define HAVE_UNISTD_H 1
| /* end confdefs.h.  */
| 
| /* Override any GCC internal prototype to avoid an error.
|    Use char because int might match the return type of a GCC
|    builtin and then its argument prototype would still apply.  */
| #ifdef __cplusplus
| extern "C"
| #endif
| char hci_open_dev ();
| int
| main ()
| {
| return hci_open_dev ();
|   ;
|   return 0;
| }
configure:3614: g++ -o conftest -g -O2 -Wall -Wextra -W -O3 -ggdb  -m64 conftest.cpp -lbluetooth   >&5
configure:3614: $? = 0
configure:3631: result: -lbluetooth
configure:3647: checking boost/optional.hpp usability
configure:3647: g++ -c -g -O2 -Wall -Wextra -W -O3 -ggdb  conftest.cpp >&5
configure:3647: $? = 0
configure:3647: result: yes
configure:3647: checking boost/optional.hpp presence
configure:3647: g++ -E  conftest.cpp
configure:3647: $? = 0
configure:3647: result: yes
configure:3647: checking for boost/optional.hpp
configure:3647: result: yes
configure:3661: checking if compiler flag -fPIC works
configure:3676: g++ -c -g -O2 -Wall -Wextra -W -O3 -ggdb -fPIC  conftest.cpp >&5
configure:3676: $? = 0
configure:3689: result: yes
configure:3852: creating ./config.status

## ---------------------- ##
## Running config.status. ##
## ---------------------- ##

This file was extended by libble++ config.status version-0.5, which was
generated by GNU Autoconf 2.69.  Invocation command line was

  CONFIG_FILES    = 
  CONFIG_HEADERS  = 
  CONFIG_LINKS    = 
  CONFIG_COMMANDS = 
  $ ./config.status 

on localhost.localdomain

config.status:729: creating libblepp.pc
config.status:729: creating Makefile

## ---------------- ##
## Cache variables. ##
## ---------------- ##

ac_cv_cxx_compiler_gnu=yes
ac_cv_env_CCC_set=
ac_cv_env_CCC_value=
ac_cv_env_CPPFLAGS_set=
ac_cv_env_CPPFLAGS_value=
ac_cv_env_CXXCPP_set=
ac_cv_env_CXXCPP_value=
ac_cv_env_CXXFLAGS_set=
ac_cv_env_CXXFLAGS_value=
ac_cv_env_CXX_set=
ac_cv_env_CXX_value=
ac_cv_env_LDFLAGS_set=set
ac_cv_env_LDFLAGS_value=-m64
ac_cv_env_LIBS_set=
ac_cv_env_LIBS_value=
ac_cv_env_build_alias_set=
ac_cv_env_build_alias_value=
ac_cv_env_host_alias_set=
ac_cv_env_host_alias_value=
ac_cv_env_target_alias_set=
ac_cv_env_target_alias_value=
ac_cv_header_bluetooth_bluetooth_h=yes
ac_cv_header_boost_optional_hpp=yes
ac_cv_header_inttypes_h=yes
ac_cv_header_memory_h=yes
ac_cv_header_stdc=yes
ac_cv_header_stdint_h=yes
ac_cv_header_stdlib_h=yes
ac_cv_header_string_h=yes
ac_cv_header_strings_h=yes
ac_cv_header_sys_stat_h=yes
ac_cv_header_sys_types_h=yes
ac_cv_header_unistd_h=yes
ac_cv_objext=o
ac_cv_path_EGREP='/usr/bin/grep -E'
ac_cv_path_GREP=/usr/bin/grep
ac_cv_path_PKG_CONFIG=/usr/bin/pkg-config
ac_cv_prog_CXXCPP='g++ -E'
ac_cv_prog_SED=sed
ac_cv_prog_ac_ct_CXX=g++
ac_cv_prog_cxx_g=yes
ac_cv_search_hci_open_dev=-lbluetooth
ax_cv_cxx_compile_cxx14=yes

## ----------------- ##
## Output variables. ##
## ----------------- ##

CPPFLAGS=''
CXX='g++'
CXXCPP='g++ -E'
CXXFLAGS='-g -O2 -Wall -Wextra -W -O3 -ggdb -fPIC'
DEFS='-DPACKAGE_NAME=\"libble++\" -DPACKAGE_TARNAME=\"libble--\" -DPACKAGE_VERSION=\"version-0.5\" -DPACKAGE_STRING=\"libble++\ version-0.5\" -DPACKAGE_BUGREPORT=\"\" -DPACKAGE_URL=\"\" -DSTDC_HEADERS=1 -DHAVE_SYS_TYPES_H=1 -DHAVE_SYS_STAT_H=1 -DHAVE_STDLIB_H=1 -DHAVE_STRING_H=1 -DHAVE_MEMORY_H=1 -DHAVE_STRINGS_H=1 -DHAVE_INTTYPES_H=1 -DHAVE_STDINT_H=1 -DHAVE_UNISTD_H=1'
ECHO_C=''
ECHO_N='-n'
ECHO_T=''
EGREP='/usr/bin/grep -E'
EXEEXT=''
GREP='/usr/bin/grep'
HAVE_CXX14=''
LDFLAGS='-m64'
LIBOBJS=''
LIBS='-lbluetooth '
LTLIBOBJS=''
OBJEXT='o'
PACKAGE_BUGREPORT=''
PACKAGE_NAME='libble++'
PACKAGE_STRING='libble++ version-0.5'
PACKAGE_TARNAME='libble--'
PACKAGE_URL=''
PACKAGE_VERSION='version-0.5'
PATH_SEPARATOR=':'
PKGCONFIG_LIBDIR='${exec_prefix}/lib64/pkgconfig'
PKG_CONFIG='/usr/bin/pkg-config'
SED='sed'
SHELL='/bin/sh'
VERSION='version-0.5'
ac_ct_CXX='g++'
bindir='${exec_prefix}/bin'
build_alias=''
datadir='${datarootdir}'
datarootdir='${prefix}/share'
docdir='${datarootdir}/doc/${PACKAGE_TARNAME}'
dvidir='${docdir}'
exec_prefix='${prefix}'
host_alias=''
htmldir='${docdir}'
includedir='${prefix}/include'
infodir='${datarootdir}/info'
libdir='${exec_prefix}/lib64'
libexecdir='${exec_prefix}/lib'
localedir='${datarootdir}/locale'
localstatedir='${prefix}/var'
mandir='${datarootdir}/man'
oldincludedir='/usr/include'
pdfdir='${docdir}'
prefix='/usr/local'
program_transform_name='s,x,x,'
psdir='${docdir}'
sbindir='${exec_prefix}/sbin'
sharedstatedir='${prefix}/com'
sysconfdir='${prefix}/etc'
target_alias=''

## ----------- ##
## confdefs.h. ##
## ----------- ##

/* confdefs.h */
#define PACKAGE_NAME "libble++"
#define PACKAGE_TARNAME "libble--"
#define PACKAGE_VERSION "version-0.5"
#define PACKAGE_STRING "libble++ version-0.5"
#define PACKAGE_BUGREPORT ""
#define PACKAGE_URL ""
#define STDC_HEADERS 1
#define HAVE_SYS_TYPES_H 1
#define HAVE_SYS_STAT_H 1
#define HAVE_STDLIB_H 1
#define HAVE_STRING_H 1
#define HAVE_MEMORY_H 1
#define HAVE_STRINGS_H 1
#define HAVE_INTTYPES_H 1
#define HAVE_STDINT_H 1
#define HAVE_UNISTD_H 1

configure: exit 0
